{"/home/travis/build/npmtest/node-npmtest-tv4/test.js":{"path":"/home/travis/build/npmtest/node-npmtest-tv4/test.js","s":{"1":2,"2":2,"3":2,"4":2,"5":2,"6":2,"7":2,"8":1,"9":2,"10":2,"11":1,"12":1,"13":1,"14":1,"15":2,"16":2,"17":2,"18":2,"19":1,"20":1,"21":2,"22":2,"23":2,"24":1,"25":1,"26":1,"27":1,"28":1,"29":1,"30":1,"31":1,"32":1,"33":1,"34":1,"35":1,"36":1,"37":1,"38":1,"39":2,"40":2,"41":1,"42":2,"43":2,"44":1,"45":2,"46":2,"47":1,"48":2,"49":2,"50":1,"51":1,"52":1,"53":1,"54":1},"b":{"1":[2,1,1,1],"2":[1,1,1,1],"3":[1,1],"4":[1,1],"5":[1,1],"6":[1,1],"7":[1,1],"8":[1,1],"9":[1,1],"10":[1,1,1],"11":[1,1],"12":[1,1],"13":[1,1],"14":[1,1],"15":[1,1],"16":[1,1],"17":[1,1]},"f":{"1":2,"2":2,"3":2,"4":2,"5":2,"6":1,"7":1,"8":1,"9":2,"10":2,"11":2,"12":2,"13":1},"fnMap":{"1":{"name":"(anonymous_1)","line":12,"loc":{"start":{"line":12,"column":1},"end":{"line":12,"column":13}}},"2":{"name":"(anonymous_2)","line":19,"loc":{"start":{"line":19,"column":5},"end":{"line":19,"column":17}}},"3":{"name":"(anonymous_3)","line":23,"loc":{"start":{"line":23,"column":24},"end":{"line":23,"column":36}}},"4":{"name":"(anonymous_4)","line":61,"loc":{"start":{"line":61,"column":5},"end":{"line":61,"column":17}}},"5":{"name":"(anonymous_5)","line":82,"loc":{"start":{"line":82,"column":5},"end":{"line":82,"column":17}}},"6":{"name":"(anonymous_6)","line":91,"loc":{"start":{"line":91,"column":77},"end":{"line":94,"column":10}}},"7":{"name":"(anonymous_7)","line":112,"loc":{"start":{"line":112,"column":83},"end":{"line":115,"column":10}},"skip":true},"8":{"name":"(anonymous_8)","line":123,"loc":{"start":{"line":123,"column":77},"end":{"line":126,"column":10}},"skip":true},"9":{"name":"(anonymous_9)","line":139,"loc":{"start":{"line":139,"column":12},"end":{"line":139,"column":40}},"skip":true},"10":{"name":"(anonymous_10)","line":147,"loc":{"start":{"line":147,"column":77},"end":{"line":150,"column":10}},"skip":true},"11":{"name":"(anonymous_11)","line":158,"loc":{"start":{"line":158,"column":83},"end":{"line":161,"column":10}},"skip":true},"12":{"name":"(anonymous_12)","line":169,"loc":{"start":{"line":169,"column":79},"end":{"line":172,"column":10}},"skip":true},"13":{"name":"(anonymous_13)","line":180,"loc":{"start":{"line":180,"column":75},"end":{"line":183,"column":10}},"skip":true}},"statementMap":{"1":{"start":{"line":12,"column":0},"end":{"line":195,"column":5}},"2":{"start":{"line":14,"column":4},"end":{"line":14,"column":14}},"3":{"start":{"line":19,"column":4},"end":{"line":56,"column":9}},"4":{"start":{"line":21,"column":8},"end":{"line":21,"column":19}},"5":{"start":{"line":23,"column":8},"end":{"line":35,"column":13}},"6":{"start":{"line":24,"column":12},"end":{"line":34,"column":13}},"7":{"start":{"line":25,"column":16},"end":{"line":28,"column":30}},"8":{"start":{"line":30,"column":16},"end":{"line":33,"column":27}},"9":{"start":{"line":37,"column":8},"end":{"line":39,"column":21}},"10":{"start":{"line":40,"column":8},"end":{"line":53,"column":9}},"11":{"start":{"line":43,"column":12},"end":{"line":46,"column":14}},"12":{"start":{"line":47,"column":12},"end":{"line":47,"column":18}},"13":{"start":{"line":50,"column":12},"end":{"line":51,"column":46}},"14":{"start":{"line":52,"column":12},"end":{"line":52,"column":18}},"15":{"start":{"line":55,"column":8},"end":{"line":55,"column":35}},"16":{"start":{"line":61,"column":4},"end":{"line":63,"column":9}},"17":{"start":{"line":62,"column":8},"end":{"line":62,"column":15}},"18":{"start":{"line":64,"column":4},"end":{"line":77,"column":5}},"19":{"start":{"line":70,"column":8},"end":{"line":70,"column":14}},"20":{"start":{"line":76,"column":8},"end":{"line":76,"column":14}},"21":{"start":{"line":82,"column":4},"end":{"line":84,"column":9}},"22":{"start":{"line":83,"column":8},"end":{"line":83,"column":15}},"23":{"start":{"line":85,"column":4},"end":{"line":194,"column":5}},"24":{"start":{"line":91,"column":8},"end":{"line":99,"column":10}},"25":{"start":{"line":98,"column":12},"end":{"line":98,"column":35}},"26":{"start":{"line":102,"column":8},"end":{"line":104,"column":63}},"27":{"start":{"line":105,"column":8},"end":{"line":105,"column":14}},"28":{"start":{"line":112,"column":8},"end":{"line":121,"column":10},"skip":true},"29":{"start":{"line":119,"column":12},"end":{"line":119,"column":55},"skip":true},"30":{"start":{"line":120,"column":12},"end":{"line":120,"column":48},"skip":true},"31":{"start":{"line":123,"column":8},"end":{"line":136,"column":10},"skip":true},"32":{"start":{"line":130,"column":12},"end":{"line":130,"column":76},"skip":true},"33":{"start":{"line":131,"column":12},"end":{"line":131,"column":73},"skip":true},"34":{"start":{"line":132,"column":12},"end":{"line":132,"column":74},"skip":true},"35":{"start":{"line":133,"column":12},"end":{"line":133,"column":79},"skip":true},"36":{"start":{"line":134,"column":12},"end":{"line":134,"column":25},"skip":true},"37":{"start":{"line":135,"column":12},"end":{"line":135,"column":45},"skip":true},"38":{"start":{"line":138,"column":8},"end":{"line":145,"column":14},"skip":true},"39":{"start":{"line":143,"column":16},"end":{"line":143,"column":29},"skip":true},"40":{"start":{"line":144,"column":16},"end":{"line":144,"column":55},"skip":true},"41":{"start":{"line":147,"column":8},"end":{"line":156,"column":10},"skip":true},"42":{"start":{"line":154,"column":12},"end":{"line":154,"column":25},"skip":true},"43":{"start":{"line":155,"column":12},"end":{"line":155,"column":45},"skip":true},"44":{"start":{"line":158,"column":8},"end":{"line":167,"column":10},"skip":true},"45":{"start":{"line":165,"column":12},"end":{"line":165,"column":25},"skip":true},"46":{"start":{"line":166,"column":12},"end":{"line":166,"column":48},"skip":true},"47":{"start":{"line":169,"column":8},"end":{"line":178,"column":10},"skip":true},"48":{"start":{"line":176,"column":12},"end":{"line":176,"column":25},"skip":true},"49":{"start":{"line":177,"column":12},"end":{"line":177,"column":46},"skip":true},"50":{"start":{"line":180,"column":8},"end":{"line":189,"column":10},"skip":true},"51":{"start":{"line":187,"column":12},"end":{"line":187,"column":94},"skip":true},"52":{"start":{"line":188,"column":12},"end":{"line":188,"column":48},"skip":true},"53":{"start":{"line":192,"column":8},"end":{"line":192,"column":35},"skip":true},"54":{"start":{"line":193,"column":8},"end":{"line":193,"column":14},"skip":true}},"branchMap":{"1":{"line":25,"type":"binary-expr","locations":[{"start":{"line":25,"column":23},"end":{"line":25,"column":62}},{"start":{"line":26,"column":20},"end":{"line":26,"column":70}},{"start":{"line":27,"column":20},"end":{"line":27,"column":71}},{"start":{"line":28,"column":20},"end":{"line":28,"column":29}}]},"2":{"line":30,"type":"binary-expr","locations":[{"start":{"line":30,"column":23},"end":{"line":30,"column":37}},{"start":{"line":31,"column":20},"end":{"line":31,"column":61}},{"start":{"line":32,"column":20},"end":{"line":32,"column":70}},{"start":{"line":33,"column":20},"end":{"line":33,"column":26}}]},"3":{"line":37,"type":"cond-expr","locations":[{"start":{"line":38,"column":14},"end":{"line":38,"column":20}},{"start":{"line":39,"column":14},"end":{"line":39,"column":20}}]},"4":{"line":40,"type":"switch","locations":[{"start":{"line":42,"column":8},"end":{"line":47,"column":18}},{"start":{"line":49,"column":8},"end":{"line":52,"column":18}}]},"5":{"line":44,"type":"binary-expr","locations":[{"start":{"line":44,"column":16},"end":{"line":44,"column":44}},{"start":{"line":44,"column":48},"end":{"line":44,"column":66}}]},"6":{"line":50,"type":"binary-expr","locations":[{"start":{"line":50,"column":21},"end":{"line":50,"column":49}},{"start":{"line":50,"column":53},"end":{"line":50,"column":72}}]},"7":{"line":64,"type":"switch","locations":[{"start":{"line":69,"column":4},"end":{"line":70,"column":14}},{"start":{"line":75,"column":4},"end":{"line":76,"column":14}}]},"8":{"line":85,"type":"switch","locations":[{"start":{"line":90,"column":4},"end":{"line":105,"column":14}},{"start":{"line":111,"column":4},"end":{"line":193,"column":14},"skip":true}]},"9":{"line":91,"type":"binary-expr","locations":[{"start":{"line":91,"column":42},"end":{"line":91,"column":73}},{"start":{"line":91,"column":77},"end":{"line":99,"column":9}}]},"10":{"line":102,"type":"binary-expr","locations":[{"start":{"line":102,"column":18},"end":{"line":102,"column":32}},{"start":{"line":103,"column":12},"end":{"line":103,"column":53}},{"start":{"line":104,"column":12},"end":{"line":104,"column":61}}]},"11":{"line":112,"type":"binary-expr","locations":[{"start":{"line":112,"column":45},"end":{"line":112,"column":79},"skip":true},{"start":{"line":112,"column":83},"end":{"line":121,"column":9},"skip":true}]},"12":{"line":123,"type":"binary-expr","locations":[{"start":{"line":123,"column":42},"end":{"line":123,"column":73},"skip":true},{"start":{"line":123,"column":77},"end":{"line":136,"column":9},"skip":true}]},"13":{"line":138,"type":"binary-expr","locations":[{"start":{"line":138,"column":48},"end":{"line":138,"column":85},"skip":true},{"start":{"line":139,"column":12},"end":{"line":145,"column":13},"skip":true}]},"14":{"line":147,"type":"binary-expr","locations":[{"start":{"line":147,"column":42},"end":{"line":147,"column":73},"skip":true},{"start":{"line":147,"column":77},"end":{"line":156,"column":9},"skip":true}]},"15":{"line":158,"type":"binary-expr","locations":[{"start":{"line":158,"column":45},"end":{"line":158,"column":79},"skip":true},{"start":{"line":158,"column":83},"end":{"line":167,"column":9},"skip":true}]},"16":{"line":169,"type":"binary-expr","locations":[{"start":{"line":169,"column":43},"end":{"line":169,"column":75},"skip":true},{"start":{"line":169,"column":79},"end":{"line":178,"column":9},"skip":true}]},"17":{"line":180,"type":"binary-expr","locations":[{"start":{"line":180,"column":41},"end":{"line":180,"column":71},"skip":true},{"start":{"line":180,"column":75},"end":{"line":189,"column":9},"skip":true}]}},"code":["/* istanbul instrument in package npmtest_tv4 */","/*jslint","    bitwise: true,","    browser: true,","    maxerr: 8,","    maxlen: 96,","    node: true,","    nomen: true,","    regexp: true,","    stupid: true","*/","(function () {","    'use strict';","    var local;","","","","    // run shared js-env code - pre-init","    (function () {","        // init local","        local = {};","        // init modeJs","        local.modeJs = (function () {","            try {","                return typeof navigator.userAgent === 'string' &&","                    typeof document.querySelector('body') === 'object' &&","                    typeof XMLHttpRequest.prototype.open === 'function' &&","                    'browser';","            } catch (errorCaughtBrowser) {","                return module.exports &&","                    typeof process.versions.node === 'string' &&","                    typeof require('http').createServer === 'function' &&","                    'node';","            }","        }());","        // init global","        local.global = local.modeJs === 'browser'","            ? window","            : global;","        switch (local.modeJs) {","        // re-init local from window.local","        case 'browser':","            local = local.global.utility2.objectSetDefault(","                local.global.utility2_rollup || local.global.local,","                local.global.utility2","            );","            break;","        // re-init local from example.js","        case 'node':","            local = (local.global.utility2_rollup || require('utility2'))","                .requireExampleJsFromReadme();","            break;","        }","        // export local","        local.global.local = local;","    }());","","","","    // run shared js-env code - function","    (function () {","        return;","    }());","    switch (local.modeJs) {","","","","    // run browser js-env code - function","    case 'browser':","        break;","","","","    // run node js-env code - function","    case 'node':","        break;","    }","","","","    // run shared js-env code - post-init","    (function () {","        return;","    }());","    switch (local.modeJs) {","","","","    // run browser js-env code - post-init","    case 'browser':","        local.testCase_browser_nullCase = local.testCase_browser_nullCase || function (","            options,","            onError","        ) {","        /*","         * this function will test browsers's null-case handling-behavior-behavior","         */","            onError(null, options);","        };","","        // run tests","        local.nop(local.modeTest &&","            document.querySelector('#testRunButton1') &&","            document.querySelector('#testRunButton1').click());","        break;","","","","    // run node js-env code - post-init","    /* istanbul ignore next */","    case 'node':","        local.testCase_buildApidoc_default = local.testCase_buildApidoc_default || function (","            options,","            onError","        ) {","        /*","         * this function will test buildApidoc's default handling-behavior-behavior","         */","            options = { modulePathList: module.paths };","            local.buildApidoc(options, onError);","        };","","        local.testCase_buildApp_default = local.testCase_buildApp_default || function (","            options,","            onError","        ) {","        /*","         * this function will test buildApp's default handling-behavior-behavior","         */","            local.testCase_buildReadme_default(options, local.onErrorThrow);","            local.testCase_buildLib_default(options, local.onErrorThrow);","            local.testCase_buildTest_default(options, local.onErrorThrow);","            local.testCase_buildCustomOrg_default(options, local.onErrorThrow);","            options = [];","            local.buildApp(options, onError);","        };","","        local.testCase_buildCustomOrg_default = local.testCase_buildCustomOrg_default ||","            function (options, onError) {","            /*","             * this function will test buildCustomOrg's default handling-behavior","             */","                options = {};","                local.buildCustomOrg(options, onError);","            };","","        local.testCase_buildLib_default = local.testCase_buildLib_default || function (","            options,","            onError","        ) {","        /*","         * this function will test buildLib's default handling-behavior","         */","            options = {};","            local.buildLib(options, onError);","        };","","        local.testCase_buildReadme_default = local.testCase_buildReadme_default || function (","            options,","            onError","        ) {","        /*","         * this function will test buildReadme's default handling-behavior-behavior","         */","            options = {};","            local.buildReadme(options, onError);","        };","","        local.testCase_buildTest_default = local.testCase_buildTest_default || function (","            options,","            onError","        ) {","        /*","         * this function will test buildTest's default handling-behavior","         */","            options = {};","            local.buildTest(options, onError);","        };","","        local.testCase_webpage_default = local.testCase_webpage_default || function (","            options,","            onError","        ) {","        /*","         * this function will test webpage's default handling-behavior","         */","            options = { modeCoverageMerge: true, url: local.serverLocalHost + '?modeTest=1' };","            local.browserTest(options, onError);","        };","","        // run test-server","        local.testRunServer(local);","        break;","    }","}());",""],"l":{"12":2,"14":2,"19":2,"21":2,"23":2,"24":2,"25":2,"30":1,"37":2,"40":2,"43":1,"47":1,"50":1,"52":1,"55":2,"61":2,"62":2,"64":2,"70":1,"76":1,"82":2,"83":2,"85":2,"91":1,"98":1,"102":1,"105":1,"112":1,"119":1,"120":1,"123":1,"130":1,"131":1,"132":1,"133":1,"134":1,"135":1,"138":1,"143":2,"144":2,"147":1,"154":2,"155":2,"158":1,"165":2,"166":2,"169":1,"176":2,"177":2,"180":1,"187":1,"188":1,"192":1,"193":1}},"/home/travis/build/npmtest/node-npmtest-tv4/lib.npmtest_tv4.js":{"path":"/home/travis/build/npmtest/node-npmtest-tv4/lib.npmtest_tv4.js","s":{"1":2,"2":2,"3":2,"4":2,"5":2,"6":2,"7":2,"8":1,"9":2,"10":2,"11":2,"12":2,"13":1,"14":1,"15":1,"16":1},"b":{"1":[2,1,1,1],"2":[1,1,1,1],"3":[1,1],"4":[2,2],"5":[1,1]},"f":{"1":2,"2":2,"3":2},"fnMap":{"1":{"name":"(anonymous_1)","line":12,"loc":{"start":{"line":12,"column":1},"end":{"line":12,"column":13}}},"2":{"name":"(anonymous_2)","line":19,"loc":{"start":{"line":19,"column":5},"end":{"line":19,"column":17}}},"3":{"name":"(anonymous_3)","line":23,"loc":{"start":{"line":23,"column":24},"end":{"line":23,"column":36}}}},"statementMap":{"1":{"start":{"line":12,"column":0},"end":{"line":53,"column":5}},"2":{"start":{"line":14,"column":4},"end":{"line":14,"column":14}},"3":{"start":{"line":19,"column":4},"end":{"line":52,"column":9}},"4":{"start":{"line":21,"column":8},"end":{"line":21,"column":19}},"5":{"start":{"line":23,"column":8},"end":{"line":35,"column":13}},"6":{"start":{"line":24,"column":12},"end":{"line":34,"column":13}},"7":{"start":{"line":25,"column":16},"end":{"line":28,"column":30}},"8":{"start":{"line":30,"column":16},"end":{"line":33,"column":27}},"9":{"start":{"line":37,"column":8},"end":{"line":39,"column":21}},"10":{"start":{"line":41,"column":8},"end":{"line":41,"column":54}},"11":{"start":{"line":43,"column":8},"end":{"line":43,"column":48}},"12":{"start":{"line":45,"column":8},"end":{"line":51,"column":9}},"13":{"start":{"line":46,"column":12},"end":{"line":46,"column":54}},"14":{"start":{"line":48,"column":12},"end":{"line":48,"column":35}},"15":{"start":{"line":49,"column":12},"end":{"line":49,"column":49}},"16":{"start":{"line":50,"column":12},"end":{"line":50,"column":43}}},"branchMap":{"1":{"line":25,"type":"binary-expr","locations":[{"start":{"line":25,"column":23},"end":{"line":25,"column":62}},{"start":{"line":26,"column":20},"end":{"line":26,"column":70}},{"start":{"line":27,"column":20},"end":{"line":27,"column":71}},{"start":{"line":28,"column":20},"end":{"line":28,"column":29}}]},"2":{"line":30,"type":"binary-expr","locations":[{"start":{"line":30,"column":23},"end":{"line":30,"column":37}},{"start":{"line":31,"column":20},"end":{"line":31,"column":61}},{"start":{"line":32,"column":20},"end":{"line":32,"column":70}},{"start":{"line":33,"column":20},"end":{"line":33,"column":26}}]},"3":{"line":37,"type":"cond-expr","locations":[{"start":{"line":38,"column":14},"end":{"line":38,"column":20}},{"start":{"line":39,"column":14},"end":{"line":39,"column":20}}]},"4":{"line":41,"type":"binary-expr","locations":[{"start":{"line":41,"column":16},"end":{"line":41,"column":44}},{"start":{"line":41,"column":48},"end":{"line":41,"column":53}}]},"5":{"line":45,"type":"if","locations":[{"start":{"line":45,"column":8},"end":{"line":45,"column":8}},{"start":{"line":45,"column":8},"end":{"line":45,"column":8}}]}},"code":["/* istanbul instrument in package npmtest_tv4 */","/*jslint","    bitwise: true,","    browser: true,","    maxerr: 8,","    maxlen: 96,","    node: true,","    nomen: true,","    regexp: true,","    stupid: true","*/","(function () {","    'use strict';","    var local;","","","","    // run shared js-env code - pre-init","    (function () {","        // init local","        local = {};","        // init modeJs","        local.modeJs = (function () {","            try {","                return typeof navigator.userAgent === 'string' &&","                    typeof document.querySelector('body') === 'object' &&","                    typeof XMLHttpRequest.prototype.open === 'function' &&","                    'browser';","            } catch (errorCaughtBrowser) {","                return module.exports &&","                    typeof process.versions.node === 'string' &&","                    typeof require('http').createServer === 'function' &&","                    'node';","            }","        }());","        // init global","        local.global = local.modeJs === 'browser'","            ? window","            : global;","        // init utility2_rollup","        local = local.global.utility2_rollup || local;","        // init lib","        local.local = local.npmtest_tv4 = local;","        // init exports","        if (local.modeJs === 'browser') {","            local.global.utility2_npmtest_tv4 = local;","        } else {","            module.exports = local;","            module.exports.__dirname = __dirname;","            module.exports.module = module;","        }","    }());","}());",""],"l":{"12":2,"14":2,"19":2,"21":2,"23":2,"24":2,"25":2,"30":1,"37":2,"41":2,"43":2,"45":2,"46":1,"48":1,"49":1,"50":1}},"/home/travis/build/npmtest/node-npmtest-tv4/example.js":{"path":"/home/travis/build/npmtest/node-npmtest-tv4/example.js","s":{"1":2,"2":2,"3":2,"4":2,"5":2,"6":2,"7":2,"8":1,"9":2,"10":2,"11":2,"12":2,"13":1,"14":2,"15":2,"16":2,"17":2,"18":2,"19":0,"20":2,"21":1,"22":1,"23":1,"24":1,"25":1,"26":0,"27":0,"28":1,"29":1,"30":2,"31":0,"32":0,"33":0,"34":1,"35":2,"36":2,"37":3,"38":3,"39":3,"40":3,"41":0,"42":3,"43":3,"44":3,"45":1,"46":3,"47":1,"48":1,"49":1,"50":1,"51":1,"52":1,"53":1,"54":1,"55":1,"56":1,"57":0,"58":1,"59":6,"60":6,"61":1,"62":2,"63":0,"64":2,"65":1,"66":1,"67":0,"68":0,"69":0,"70":0,"71":0,"72":0,"73":0,"74":0,"75":0,"76":0,"77":0,"78":0,"79":0,"80":0,"81":0,"82":0,"83":0},"b":{"1":[2,1,1,1],"2":[1,1,1,1],"3":[1,1],"4":[2,2],"5":[1,1],"6":[1,1],"7":[2,0],"8":[2,1,1,1,1,1],"9":[0,2,0],"10":[1,1],"11":[2,1,1],"12":[1,0],"13":[0,2],"14":[2,0,0,0,0,0,0],"15":[0,3],"16":[3,0],"17":[1,1],"18":[0,1],"19":[1,2,0,2],"20":[1,0],"21":[1,1],"22":[0,0],"23":[0,0],"24":[0,0],"25":[0,0],"26":[0,0],"27":[0,0],"28":[0,0]},"f":{"1":2,"2":2,"3":2,"4":2,"5":2,"6":2,"7":3,"8":3,"9":3,"10":1,"11":6,"12":0},"fnMap":{"1":{"name":"(anonymous_1)","line":26,"loc":{"start":{"line":26,"column":1},"end":{"line":26,"column":13}}},"2":{"name":"(anonymous_2)","line":33,"loc":{"start":{"line":33,"column":5},"end":{"line":33,"column":17}}},"3":{"name":"(anonymous_3)","line":37,"loc":{"start":{"line":37,"column":24},"end":{"line":37,"column":36}}},"4":{"name":"(anonymous_4)","line":69,"loc":{"start":{"line":69,"column":31},"end":{"line":69,"column":48}},"skip":true},"5":{"name":"(anonymous_5)","line":78,"loc":{"start":{"line":78,"column":26},"end":{"line":78,"column":45}},"skip":true},"6":{"name":"(anonymous_6)","line":123,"loc":{"start":{"line":123,"column":33},"end":{"line":123,"column":48}},"skip":true},"7":{"name":"(anonymous_7)","line":125,"loc":{"start":{"line":125,"column":27},"end":{"line":125,"column":39}},"skip":true},"8":{"name":"(anonymous_8)","line":133,"loc":{"start":{"line":133,"column":59},"end":{"line":133,"column":74}},"skip":true},"9":{"name":"(anonymous_9)","line":143,"loc":{"start":{"line":143,"column":45},"end":{"line":143,"column":62}},"skip":true},"10":{"name":"(anonymous_10)","line":144,"loc":{"start":{"line":144,"column":73},"end":{"line":144,"column":92}},"skip":true},"11":{"name":"(anonymous_11)","line":272,"loc":{"start":{"line":272,"column":51},"end":{"line":272,"column":77}},"skip":true},"12":{"name":"(anonymous_12)","line":315,"loc":{"start":{"line":315,"column":32},"end":{"line":315,"column":61}},"skip":true}},"statementMap":{"1":{"start":{"line":26,"column":0},"end":{"line":326,"column":5}},"2":{"start":{"line":28,"column":4},"end":{"line":28,"column":14}},"3":{"start":{"line":33,"column":4},"end":{"line":60,"column":9}},"4":{"start":{"line":35,"column":8},"end":{"line":35,"column":19}},"5":{"start":{"line":37,"column":8},"end":{"line":49,"column":13}},"6":{"start":{"line":38,"column":12},"end":{"line":48,"column":13}},"7":{"start":{"line":39,"column":16},"end":{"line":42,"column":30}},"8":{"start":{"line":44,"column":16},"end":{"line":47,"column":27}},"9":{"start":{"line":51,"column":8},"end":{"line":53,"column":21}},"10":{"start":{"line":55,"column":8},"end":{"line":57,"column":45}},"11":{"start":{"line":59,"column":8},"end":{"line":59,"column":35}},"12":{"start":{"line":61,"column":4},"end":{"line":325,"column":5}},"13":{"start":{"line":69,"column":8},"end":{"line":121,"column":10},"skip":true},"14":{"start":{"line":70,"column":12},"end":{"line":88,"column":13},"skip":true},"15":{"start":{"line":76,"column":16},"end":{"line":87,"column":19},"skip":true},"16":{"start":{"line":79,"column":20},"end":{"line":86,"column":21},"skip":true},"17":{"start":{"line":82,"column":24},"end":{"line":82,"column":43},"skip":true},"18":{"start":{"line":83,"column":24},"end":{"line":83,"column":30},"skip":true},"19":{"start":{"line":85,"column":24},"end":{"line":85,"column":49},"skip":true},"20":{"start":{"line":89,"column":12},"end":{"line":107,"column":13},"skip":true},"21":{"start":{"line":92,"column":16},"end":{"line":102,"column":17},"skip":true},"22":{"start":{"line":93,"column":20},"end":{"line":93,"column":86},"skip":true},"23":{"start":{"line":94,"column":20},"end":{"line":95,"column":45},"skip":true},"24":{"start":{"line":96,"column":20},"end":{"line":96,"column":42},"skip":true},"25":{"start":{"line":97,"column":20},"end":{"line":97,"column":48},"skip":true},"26":{"start":{"line":100,"column":20},"end":{"line":100,"column":85},"skip":true},"27":{"start":{"line":101,"column":20},"end":{"line":101,"column":96},"skip":true},"28":{"start":{"line":103,"column":16},"end":{"line":103,"column":22},"skip":true},"29":{"start":{"line":106,"column":16},"end":{"line":106,"column":22},"skip":true},"30":{"start":{"line":108,"column":12},"end":{"line":120,"column":13},"skip":true},"31":{"start":{"line":114,"column":16},"end":{"line":119,"column":17},"skip":true},"32":{"start":{"line":116,"column":20},"end":{"line":116,"column":78},"skip":true},"33":{"start":{"line":118,"column":20},"end":{"line":118,"column":47},"skip":true},"34":{"start":{"line":123,"column":8},"end":{"line":141,"column":11},"skip":true},"35":{"start":{"line":124,"column":12},"end":{"line":124,"column":54},"skip":true},"36":{"start":{"line":125,"column":12},"end":{"line":140,"column":14},"skip":true},"37":{"start":{"line":126,"column":16},"end":{"line":126,"column":28},"skip":true},"38":{"start":{"line":127,"column":16},"end":{"line":127,"column":69},"skip":true},"39":{"start":{"line":128,"column":16},"end":{"line":128,"column":75},"skip":true},"40":{"start":{"line":129,"column":16},"end":{"line":131,"column":17},"skip":true},"41":{"start":{"line":130,"column":20},"end":{"line":130,"column":27},"skip":true},"42":{"start":{"line":133,"column":16},"end":{"line":137,"column":36},"skip":true},"43":{"start":{"line":134,"column":20},"end":{"line":136,"column":55},"skip":true},"44":{"start":{"line":139,"column":16},"end":{"line":139,"column":57},"skip":true},"45":{"start":{"line":143,"column":8},"end":{"line":147,"column":11},"skip":true},"46":{"start":{"line":144,"column":12},"end":{"line":146,"column":15},"skip":true},"47":{"start":{"line":145,"column":16},"end":{"line":145,"column":70},"skip":true},"48":{"start":{"line":149,"column":8},"end":{"line":149,"column":31},"skip":true},"49":{"start":{"line":150,"column":8},"end":{"line":150,"column":14},"skip":true},"50":{"start":{"line":158,"column":8},"end":{"line":158,"column":31},"skip":true},"51":{"start":{"line":160,"column":8},"end":{"line":160,"column":33},"skip":true},"52":{"start":{"line":161,"column":8},"end":{"line":161,"column":37},"skip":true},"53":{"start":{"line":162,"column":8},"end":{"line":162,"column":35},"skip":true},"54":{"start":{"line":164,"column":8},"end":{"line":164,"column":50},"skip":true},"55":{"start":{"line":166,"column":8},"end":{"line":256,"column":2},"skip":true},"56":{"start":{"line":258,"column":8},"end":{"line":286,"column":9},"skip":true},"57":{"start":{"line":259,"column":12},"end":{"line":269,"column":14},"skip":true},"58":{"start":{"line":271,"column":12},"end":{"line":285,"column":19},"skip":true},"59":{"start":{"line":274,"column":20},"end":{"line":274,"column":35},"skip":true},"60":{"start":{"line":275,"column":20},"end":{"line":284,"column":21},"skip":true},"61":{"start":{"line":277,"column":24},"end":{"line":277,"column":64},"skip":true},"62":{"start":{"line":279,"column":24},"end":{"line":279,"column":40},"skip":true},"63":{"start":{"line":281,"column":24},"end":{"line":281,"column":40},"skip":true},"64":{"start":{"line":283,"column":24},"end":{"line":283,"column":39},"skip":true},"65":{"start":{"line":288,"column":8},"end":{"line":290,"column":9},"skip":true},"66":{"start":{"line":289,"column":12},"end":{"line":289,"column":18},"skip":true},"67":{"start":{"line":291,"column":8},"end":{"line":293,"column":54},"skip":true},"68":{"start":{"line":296,"column":8},"end":{"line":301,"column":37},"skip":true},"69":{"start":{"line":303,"column":8},"end":{"line":303,"column":82},"skip":true},"70":{"start":{"line":306,"column":8},"end":{"line":308,"column":9},"skip":true},"71":{"start":{"line":307,"column":12},"end":{"line":307,"column":82},"skip":true},"72":{"start":{"line":310,"column":8},"end":{"line":312,"column":9},"skip":true},"73":{"start":{"line":311,"column":12},"end":{"line":311,"column":18},"skip":true},"74":{"start":{"line":313,"column":8},"end":{"line":313,"column":54},"skip":true},"75":{"start":{"line":314,"column":8},"end":{"line":314,"column":69},"skip":true},"76":{"start":{"line":315,"column":8},"end":{"line":323,"column":36},"skip":true},"77":{"start":{"line":316,"column":12},"end":{"line":316,"column":61},"skip":true},"78":{"start":{"line":317,"column":12},"end":{"line":320,"column":13},"skip":true},"79":{"start":{"line":318,"column":16},"end":{"line":318,"column":75},"skip":true},"80":{"start":{"line":319,"column":16},"end":{"line":319,"column":23},"skip":true},"81":{"start":{"line":321,"column":12},"end":{"line":321,"column":38},"skip":true},"82":{"start":{"line":322,"column":12},"end":{"line":322,"column":27},"skip":true},"83":{"start":{"line":324,"column":8},"end":{"line":324,"column":14},"skip":true}},"branchMap":{"1":{"line":39,"type":"binary-expr","locations":[{"start":{"line":39,"column":23},"end":{"line":39,"column":62}},{"start":{"line":40,"column":20},"end":{"line":40,"column":70}},{"start":{"line":41,"column":20},"end":{"line":41,"column":71}},{"start":{"line":42,"column":20},"end":{"line":42,"column":29}}]},"2":{"line":44,"type":"binary-expr","locations":[{"start":{"line":44,"column":23},"end":{"line":44,"column":37}},{"start":{"line":45,"column":20},"end":{"line":45,"column":61}},{"start":{"line":46,"column":20},"end":{"line":46,"column":70}},{"start":{"line":47,"column":20},"end":{"line":47,"column":26}}]},"3":{"line":51,"type":"cond-expr","locations":[{"start":{"line":52,"column":14},"end":{"line":52,"column":20}},{"start":{"line":53,"column":14},"end":{"line":53,"column":20}}]},"4":{"line":55,"type":"binary-expr","locations":[{"start":{"line":55,"column":16},"end":{"line":55,"column":44}},{"start":{"line":55,"column":49},"end":{"line":57,"column":43}}]},"5":{"line":55,"type":"cond-expr","locations":[{"start":{"line":56,"column":14},"end":{"line":56,"column":47}},{"start":{"line":57,"column":14},"end":{"line":57,"column":43}}]},"6":{"line":61,"type":"switch","locations":[{"start":{"line":68,"column":4},"end":{"line":150,"column":14},"skip":true},{"start":{"line":156,"column":4},"end":{"line":324,"column":14},"skip":true}]},"7":{"line":70,"type":"if","locations":[{"start":{"line":70,"column":12},"end":{"line":70,"column":12},"skip":true},{"start":{"line":70,"column":12},"end":{"line":70,"column":12},"skip":true}]},"8":{"line":70,"type":"binary-expr","locations":[{"start":{"line":70,"column":16},"end":{"line":70,"column":22},"skip":true},{"start":{"line":70,"column":27},"end":{"line":70,"column":32},"skip":true},{"start":{"line":71,"column":20},"end":{"line":71,"column":39},"skip":true},{"start":{"line":72,"column":20},"end":{"line":72,"column":49},"skip":true},{"start":{"line":73,"column":20},"end":{"line":73,"column":58},"skip":true},{"start":{"line":74,"column":20},"end":{"line":74,"column":69},"skip":true}]},"9":{"line":79,"type":"switch","locations":[{"start":{"line":80,"column":20},"end":{"line":80,"column":33},"skip":true},{"start":{"line":81,"column":20},"end":{"line":83,"column":30},"skip":true},{"start":{"line":84,"column":20},"end":{"line":85,"column":49},"skip":true}]},"10":{"line":89,"type":"switch","locations":[{"start":{"line":90,"column":12},"end":{"line":103,"column":22},"skip":true},{"start":{"line":105,"column":12},"end":{"line":106,"column":22},"skip":true}]},"11":{"line":89,"type":"binary-expr","locations":[{"start":{"line":89,"column":20},"end":{"line":89,"column":25},"skip":true},{"start":{"line":89,"column":29},"end":{"line":89,"column":48},"skip":true},{"start":{"line":89,"column":52},"end":{"line":89,"column":74},"skip":true}]},"12":{"line":92,"type":"if","locations":[{"start":{"line":92,"column":16},"end":{"line":92,"column":16},"skip":true},{"start":{"line":92,"column":16},"end":{"line":92,"column":16},"skip":true}]},"13":{"line":108,"type":"if","locations":[{"start":{"line":108,"column":12},"end":{"line":108,"column":12},"skip":true},{"start":{"line":108,"column":12},"end":{"line":108,"column":12},"skip":true}]},"14":{"line":108,"type":"binary-expr","locations":[{"start":{"line":108,"column":16},"end":{"line":108,"column":61},"skip":true},{"start":{"line":108,"column":66},"end":{"line":108,"column":72},"skip":true},{"start":{"line":108,"column":77},"end":{"line":108,"column":82},"skip":true},{"start":{"line":109,"column":20},"end":{"line":109,"column":39},"skip":true},{"start":{"line":110,"column":20},"end":{"line":110,"column":49},"skip":true},{"start":{"line":111,"column":20},"end":{"line":111,"column":58},"skip":true},{"start":{"line":112,"column":20},"end":{"line":112,"column":68},"skip":true}]},"15":{"line":129,"type":"if","locations":[{"start":{"line":129,"column":16},"end":{"line":129,"column":16},"skip":true},{"start":{"line":129,"column":16},"end":{"line":129,"column":16},"skip":true}]},"16":{"line":134,"type":"cond-expr","locations":[{"start":{"line":135,"column":26},"end":{"line":135,"column":29},"skip":true},{"start":{"line":136,"column":26},"end":{"line":136,"column":54},"skip":true}]},"17":{"line":164,"type":"binary-expr","locations":[{"start":{"line":164,"column":27},"end":{"line":164,"column":43},"skip":true},{"start":{"line":164,"column":47},"end":{"line":164,"column":49},"skip":true}]},"18":{"line":258,"type":"if","locations":[{"start":{"line":258,"column":8},"end":{"line":258,"column":8},"skip":true},{"start":{"line":258,"column":8},"end":{"line":258,"column":8},"skip":true}]},"19":{"line":275,"type":"switch","locations":[{"start":{"line":276,"column":20},"end":{"line":277,"column":64},"skip":true},{"start":{"line":278,"column":20},"end":{"line":279,"column":40},"skip":true},{"start":{"line":280,"column":20},"end":{"line":281,"column":40},"skip":true},{"start":{"line":282,"column":20},"end":{"line":283,"column":39},"skip":true}]},"20":{"line":288,"type":"if","locations":[{"start":{"line":288,"column":8},"end":{"line":288,"column":8},"skip":true},{"start":{"line":288,"column":8},"end":{"line":288,"column":8},"skip":true}]},"21":{"line":288,"type":"binary-expr","locations":[{"start":{"line":288,"column":12},"end":{"line":288,"column":40},"skip":true},{"start":{"line":288,"column":44},"end":{"line":288,"column":67},"skip":true}]},"22":{"line":292,"type":"binary-expr","locations":[{"start":{"line":292,"column":12},"end":{"line":292,"column":50},"skip":true},{"start":{"line":293,"column":12},"end":{"line":293,"column":53},"skip":true}]},"23":{"line":297,"type":"binary-expr","locations":[{"start":{"line":297,"column":12},"end":{"line":297,"column":61},"skip":true},{"start":{"line":298,"column":12},"end":{"line":301,"column":36},"skip":true}]},"24":{"line":303,"type":"binary-expr","locations":[{"start":{"line":303,"column":43},"end":{"line":303,"column":75},"skip":true},{"start":{"line":303,"column":79},"end":{"line":303,"column":81},"skip":true}]},"25":{"line":306,"type":"if","locations":[{"start":{"line":306,"column":8},"end":{"line":306,"column":8},"skip":true},{"start":{"line":306,"column":8},"end":{"line":306,"column":8},"skip":true}]},"26":{"line":310,"type":"if","locations":[{"start":{"line":310,"column":8},"end":{"line":310,"column":8},"skip":true},{"start":{"line":310,"column":8},"end":{"line":310,"column":8},"skip":true}]},"27":{"line":313,"type":"binary-expr","locations":[{"start":{"line":313,"column":27},"end":{"line":313,"column":43},"skip":true},{"start":{"line":313,"column":47},"end":{"line":313,"column":53},"skip":true}]},"28":{"line":317,"type":"if","locations":[{"start":{"line":317,"column":12},"end":{"line":317,"column":12},"skip":true},{"start":{"line":317,"column":12},"end":{"line":317,"column":12},"skip":true}]}},"code":["/*","example.js","","quickstart example","","instruction","    1. save this script as example.js","    2. run the shell command:","        $ npm install npmtest-tv4 && PORT=8081 node example.js","    3. play with the browser-demo on http://127.0.0.1:8081","*/","","","","/* istanbul instrument in package npmtest_tv4 */","/*jslint","    bitwise: true,","    browser: true,","    maxerr: 8,","    maxlen: 96,","    node: true,","    nomen: true,","    regexp: true,","    stupid: true","*/","(function () {","    'use strict';","    var local;","","","","    // run shared js-env code - pre-init","    (function () {","        // init local","        local = {};","        // init modeJs","        local.modeJs = (function () {","            try {","                return typeof navigator.userAgent === 'string' &&","                    typeof document.querySelector('body') === 'object' &&","                    typeof XMLHttpRequest.prototype.open === 'function' &&","                    'browser';","            } catch (errorCaughtBrowser) {","                return module.exports &&","                    typeof process.versions.node === 'string' &&","                    typeof require('http').createServer === 'function' &&","                    'node';","            }","        }());","        // init global","        local.global = local.modeJs === 'browser'","            ? window","            : global;","        // init utility2_rollup","        local = local.global.utility2_rollup || (local.modeJs === 'browser'","            ? local.global.utility2_npmtest_tv4","            : global.utility2_moduleExports);","        // export local","        local.global.local = local;","    }());","    switch (local.modeJs) {","","","","    // post-init","    // run browser js-env code - post-init","    /* istanbul ignore next */","    case 'browser':","        local.testRunBrowser = function (event) {","            if (!event || (event &&","                    event.currentTarget &&","                    event.currentTarget.className &&","                    event.currentTarget.className.includes &&","                    event.currentTarget.className.includes('onreset'))) {","                // reset output","                Array.from(","                    document.querySelectorAll('body > .resettable')","                ).forEach(function (element) {","                    switch (element.tagName) {","                    case 'INPUT':","                    case 'TEXTAREA':","                        element.value = '';","                        break;","                    default:","                        element.textContent = '';","                    }","                });","            }","            switch (event && event.currentTarget && event.currentTarget.id) {","            case 'testRunButton1':","                // show tests","                if (document.querySelector('#testReportDiv1').style.display === 'none') {","                    document.querySelector('#testReportDiv1').style.display = 'block';","                    document.querySelector('#testRunButton1').textContent =","                        'hide internal test';","                    local.modeTest = true;","                    local.testRunDefault(local);","                // hide tests","                } else {","                    document.querySelector('#testReportDiv1').style.display = 'none';","                    document.querySelector('#testRunButton1').textContent = 'run internal test';","                }","                break;","            // custom-case","            default:","                break;","            }","            if (document.querySelector('#inputTextareaEval1') && (!event || (event &&","                    event.currentTarget &&","                    event.currentTarget.className &&","                    event.currentTarget.className.includes &&","                    event.currentTarget.className.includes('oneval')))) {","                // try to eval input-code","                try {","                    /*jslint evil: true*/","                    eval(document.querySelector('#inputTextareaEval1').value);","                } catch (errorCaught) {","                    console.error(errorCaught);","                }","            }","        };","        // log stderr and stdout to #outputTextareaStdout1","        ['error', 'log'].forEach(function (key) {","            console[key + '_original'] = console[key];","            console[key] = function () {","                var element;","                console[key + '_original'].apply(console, arguments);","                element = document.querySelector('#outputTextareaStdout1');","                if (!element) {","                    return;","                }","                // append text to #outputTextareaStdout1","                element.value += Array.from(arguments).map(function (arg) {","                    return typeof arg === 'string'","                        ? arg","                        : JSON.stringify(arg, null, 4);","                }).join(' ') + '\\n';","                // scroll textarea to bottom","                element.scrollTop = element.scrollHeight;","            };","        });","        // init event-handling","        ['change', 'click', 'keyup'].forEach(function (event) {","            Array.from(document.querySelectorAll('.on' + event)).forEach(function (element) {","                element.addEventListener(event, local.testRunBrowser);","            });","        });","        // run tests","        local.testRunBrowser();","        break;","","","","    // run node js-env code - post-init","    /* istanbul ignore next */","    case 'node':","        // export local","        module.exports = local;","        // require modules","        local.fs = require('fs');","        local.http = require('http');","        local.url = require('url');","        // init assets","        local.assetsDict = local.assetsDict || {};","        /* jslint-ignore-begin */","        local.assetsDict['/assets.index.template.html'] = '\\","<!doctype html>\\n\\","<html lang=\"en\">\\n\\","<head>\\n\\","<meta charset=\"UTF-8\">\\n\\","<meta name=\"viewport\" content=\"width=device-width, initial-scale=1\">\\n\\","<title>{{env.npm_package_name}} (v{{env.npm_package_version}})</title>\\n\\","<style>\\n\\","/*csslint\\n\\","    box-sizing: false,\\n\\","    universal-selector: false\\n\\","*/\\n\\","* {\\n\\","    box-sizing: border-box;\\n\\","}\\n\\","body {\\n\\","    background: #dde;\\n\\","    font-family: Arial, Helvetica, sans-serif;\\n\\","    margin: 2rem;\\n\\","}\\n\\","body > * {\\n\\","    margin-bottom: 1rem;\\n\\","}\\n\\",".utility2FooterDiv {\\n\\","    margin-top: 20px;\\n\\","    text-align: center;\\n\\","}\\n\\","</style>\\n\\","<style>\\n\\","/*csslint\\n\\","*/\\n\\","textarea {\\n\\","    font-family: monospace;\\n\\","    height: 10rem;\\n\\","    width: 100%;\\n\\","}\\n\\","textarea[readonly] {\\n\\","    background: #ddd;\\n\\","}\\n\\","</style>\\n\\","</head>\\n\\","<body>\\n\\","<!-- utility2-comment\\n\\","<div id=\"ajaxProgressDiv1\" style=\"background: #d00; height: 2px; left: 0; margin: 0; padding: 0; position: fixed; top: 0; transition: background 0.5s, width 1.5s; width: 25%;\"></div>\\n\\","utility2-comment -->\\n\\","<h1>\\n\\","<!-- utility2-comment\\n\\","    <a\\n\\","        {{#if env.npm_package_homepage}}\\n\\","        href=\"{{env.npm_package_homepage}}\"\\n\\","        {{/if env.npm_package_homepage}}\\n\\","        target=\"_blank\"\\n\\","    >\\n\\","utility2-comment -->\\n\\","        {{env.npm_package_name}} (v{{env.npm_package_version}})\\n\\","<!-- utility2-comment\\n\\","    </a>\\n\\","utility2-comment -->\\n\\","</h1>\\n\\","<h3>{{env.npm_package_description}}</h3>\\n\\","<!-- utility2-comment\\n\\","<h4><a download href=\"assets.app.js\">download standalone app</a></h4>\\n\\","<button class=\"onclick onreset\" id=\"testRunButton1\">run internal test</button><br>\\n\\","<div id=\"testReportDiv1\" style=\"display: none;\"></div>\\n\\","utility2-comment -->\\n\\","\\n\\","\\n\\","\\n\\","<label>stderr and stdout</label>\\n\\","<textarea class=\"resettable\" id=\"outputTextareaStdout1\" readonly></textarea>\\n\\","<!-- utility2-comment\\n\\","{{#if isRollup}}\\n\\","<script src=\"assets.app.js\"></script>\\n\\","{{#unless isRollup}}\\n\\","utility2-comment -->\\n\\","<script src=\"assets.utility2.rollup.js\"></script>\\n\\","<script src=\"jsonp.utility2._stateInit?callback=window.utility2._stateInit\"></script>\\n\\","<script src=\"assets.npmtest_tv4.rollup.js\"></script>\\n\\","<script src=\"assets.example.js\"></script>\\n\\","<script src=\"assets.test.js\"></script>\\n\\","<!-- utility2-comment\\n\\","{{/if isRollup}}\\n\\","utility2-comment -->\\n\\","<div class=\"utility2FooterDiv\">\\n\\","    [ this app was created with\\n\\","    <a href=\"https://github.com/kaizhu256/node-utility2\" target=\"_blank\">utility2</a>\\n\\","    ]\\n\\","</div>\\n\\","</body>\\n\\","</html>\\n\\","';","        /* jslint-ignore-end */","        if (local.templateRender) {","            local.assetsDict['/'] = local.templateRender(","                local.assetsDict['/assets.index.template.html'],","                {","                    env: local.objectSetDefault(local.env, {","                        npm_package_description: 'the greatest app in the world!',","                        npm_package_name: 'my-app',","                        npm_package_nameAlias: 'my_app',","                        npm_package_version: '0.0.1'","                    })","                }","            );","        } else {","            local.assetsDict['/'] = local.assetsDict['/assets.index.template.html']","                .replace((/\\{\\{env\\.(\\w+?)\\}\\}/g), function (match0, match1) {","                    // jslint-hack","                    String(match0);","                    switch (match1) {","                    case 'npm_package_description':","                        return 'the greatest app in the world!';","                    case 'npm_package_name':","                        return 'my-app';","                    case 'npm_package_nameAlias':","                        return 'my_app';","                    case 'npm_package_version':","                        return '0.0.1';","                    }","                });","        }","        // run the cli","        if (local.global.utility2_rollup || module !== require.main) {","            break;","        }","        local.assetsDict['/assets.example.js'] =","            local.assetsDict['/assets.example.js'] ||","            local.fs.readFileSync(__filename, 'utf8');","        // bug-workaround - long $npm_package_buildCustomOrg","        /* jslint-ignore-begin */","        local.assetsDict['/assets.npmtest_tv4.rollup.js'] =","            local.assetsDict['/assets.npmtest_tv4.rollup.js'] ||","            local.fs.readFileSync(","                local.npmtest_tv4.__dirname + '/lib.npmtest_tv4.js',","                'utf8'","            ).replace((/^#!/), '//');","        /* jslint-ignore-end */","        local.assetsDict['/favicon.ico'] = local.assetsDict['/favicon.ico'] || '';","        // if $npm_config_timeout_exit exists,","        // then exit this process after $npm_config_timeout_exit ms","        if (Number(process.env.npm_config_timeout_exit)) {","            setTimeout(process.exit, Number(process.env.npm_config_timeout_exit));","        }","        // start server","        if (local.global.utility2_serverHttp1) {","            break;","        }","        process.env.PORT = process.env.PORT || '8081';","        console.error('server starting on port ' + process.env.PORT);","        local.http.createServer(function (request, response) {","            request.urlParsed = local.url.parse(request.url);","            if (local.assetsDict[request.urlParsed.pathname] !== undefined) {","                response.end(local.assetsDict[request.urlParsed.pathname]);","                return;","            }","            response.statusCode = 404;","            response.end();","        }).listen(process.env.PORT);","        break;","    }","}());",""],"l":{"26":2,"28":2,"33":2,"35":2,"37":2,"38":2,"39":2,"44":1,"51":2,"55":2,"59":2,"61":2,"69":1,"70":2,"76":2,"79":2,"82":2,"83":2,"85":1,"89":2,"92":1,"93":1,"94":1,"96":1,"97":1,"100":1,"101":1,"103":1,"106":1,"108":2,"114":1,"116":1,"118":1,"123":1,"124":2,"125":2,"126":3,"127":3,"128":3,"129":3,"130":1,"133":3,"134":3,"139":3,"143":1,"144":3,"145":1,"149":1,"150":1,"158":1,"160":1,"161":1,"162":1,"164":1,"166":1,"258":1,"259":1,"271":1,"274":6,"275":6,"277":1,"279":2,"281":1,"283":2,"288":1,"289":1,"291":1,"296":1,"303":1,"306":1,"307":1,"310":1,"311":1,"313":1,"314":1,"315":1,"316":1,"317":1,"318":1,"319":1,"321":1,"322":1,"324":1}},"/home/travis/build/npmtest/node-npmtest-tv4/node_modules/tv4/tv4.js":{"path":"/home/travis/build/npmtest/node-npmtest-tv4/node_modules/tv4/tv4.js","s":{"1":1,"2":1,"3":0,"4":1,"5":1,"6":0,"7":1,"8":0,"9":0,"10":0,"11":0,"12":0,"13":0,"14":0,"15":0,"16":0,"17":0,"18":0,"19":0,"20":0,"21":0,"22":1,"23":0,"24":1,"25":0,"26":0,"27":0,"28":0,"29":0,"30":1,"31":0,"32":0,"33":1,"34":0,"35":0,"36":0,"37":0,"38":0,"39":0,"40":0,"41":0,"42":0,"43":0,"44":0,"45":0,"46":0,"47":0,"48":0,"49":0,"50":0,"51":0,"52":0,"53":0,"54":0,"55":1,"56":0,"57":0,"58":0,"59":0,"60":0,"61":0,"62":0,"63":0,"64":0,"65":1,"66":1,"67":1,"68":0,"69":0,"70":1,"71":0,"72":0,"73":0,"74":0,"75":0,"76":0,"77":0,"78":0,"79":0,"80":0,"81":0,"82":0,"83":0,"84":0,"85":0,"86":0,"87":0,"88":0,"89":0,"90":0,"91":0,"92":0,"93":0,"94":0,"95":0,"96":0,"97":0,"98":0,"99":0,"100":0,"101":0,"102":0,"103":0,"104":0,"105":0,"106":0,"107":0,"108":0,"109":0,"110":0,"111":0,"112":0,"113":0,"114":0,"115":0,"116":0,"117":0,"118":0,"119":0,"120":0,"121":0,"122":0,"123":0,"124":0,"125":0,"126":0,"127":0,"128":0,"129":0,"130":0,"131":0,"132":0,"133":0,"134":0,"135":0,"136":0,"137":0,"138":0,"139":0,"140":0,"141":0,"142":0,"143":0,"144":0,"145":0,"146":0,"147":0,"148":0,"149":0,"150":0,"151":0,"152":0,"153":0,"154":0,"155":0,"156":0,"157":0,"158":0,"159":0,"160":0,"161":0,"162":0,"163":0,"164":0,"165":1,"166":0,"167":0,"168":0,"169":0,"170":0,"171":0,"172":0,"173":0,"174":0,"175":0,"176":0,"177":0,"178":0,"179":0,"180":0,"181":0,"182":0,"183":0,"184":0,"185":0,"186":0,"187":0,"188":0,"189":0,"190":0,"191":1,"192":0,"193":0,"194":0,"195":1,"196":1,"197":1,"198":1,"199":1,"200":1,"201":1,"202":1,"203":1,"204":0,"205":0,"206":0,"207":0,"208":0,"209":0,"210":0,"211":1,"212":0,"213":0,"214":0,"215":1,"216":1,"217":0,"218":1,"219":1,"220":0,"221":0,"222":1,"223":0,"224":0,"225":1,"226":0,"227":0,"228":0,"229":1,"230":0,"231":1,"232":0,"233":0,"234":0,"235":1,"236":0,"237":0,"238":0,"239":1,"240":0,"241":0,"242":0,"243":0,"244":0,"245":0,"246":1,"247":0,"248":0,"249":0,"250":0,"251":0,"252":1,"253":0,"254":0,"255":0,"256":0,"257":0,"258":0,"259":0,"260":1,"261":0,"262":0,"263":0,"264":0,"265":0,"266":0,"267":0,"268":0,"269":0,"270":0,"271":0,"272":0,"273":0,"274":0,"275":0,"276":0,"277":0,"278":0,"279":0,"280":0,"281":0,"282":0,"283":0,"284":0,"285":0,"286":0,"287":0,"288":0,"289":0,"290":1,"291":0,"292":0,"293":0,"294":0,"295":0,"296":0,"297":0,"298":0,"299":0,"300":0,"301":0,"302":0,"303":0,"304":0,"305":0,"306":0,"307":1,"308":0,"309":0,"310":0,"311":0,"312":0,"313":0,"314":0,"315":0,"316":0,"317":0,"318":0,"319":1,"320":0,"321":0,"322":0,"323":0,"324":1,"325":0,"326":0,"327":0,"328":0,"329":0,"330":1,"331":0,"332":0,"333":0,"334":0,"335":0,"336":1,"337":0,"338":0,"339":1,"340":0,"341":0,"342":0,"343":1,"344":0,"345":0,"346":0,"347":0,"348":0,"349":0,"350":0,"351":0,"352":0,"353":0,"354":0,"355":0,"356":0,"357":0,"358":0,"359":0,"360":0,"361":0,"362":0,"363":0,"364":0,"365":0,"366":0,"367":0,"368":0,"369":0,"370":0,"371":0,"372":0,"373":0,"374":0,"375":0,"376":0,"377":0,"378":0,"379":0,"380":0,"381":0,"382":0,"383":0,"384":0,"385":0,"386":0,"387":0,"388":0,"389":0,"390":0,"391":0,"392":0,"393":0,"394":0,"395":0,"396":0,"397":0,"398":0,"399":0,"400":0,"401":0,"402":0,"403":0,"404":0,"405":1,"406":0,"407":0,"408":0,"409":0,"410":0,"411":0,"412":0,"413":0,"414":1,"415":0,"416":0,"417":0,"418":0,"419":0,"420":0,"421":0,"422":0,"423":0,"424":0,"425":0,"426":0,"427":0,"428":0,"429":0,"430":0,"431":0,"432":0,"433":0,"434":0,"435":0,"436":1,"437":0,"438":0,"439":0,"440":0,"441":0,"442":0,"443":0,"444":0,"445":0,"446":0,"447":0,"448":0,"449":0,"450":0,"451":0,"452":0,"453":0,"454":0,"455":0,"456":0,"457":0,"458":0,"459":0,"460":1,"461":0,"462":0,"463":0,"464":0,"465":0,"466":0,"467":1,"468":0,"469":0,"470":0,"471":0,"472":0,"473":0,"474":0,"475":0,"476":0,"477":0,"478":0,"479":0,"480":0,"481":0,"482":0,"483":1,"484":0,"485":0,"486":0,"487":0,"488":0,"489":0,"490":0,"491":1,"492":0,"493":1,"494":1,"495":1,"496":0,"497":0,"498":0,"499":0,"500":0,"501":0,"502":0,"503":0,"504":1,"505":0,"506":0,"507":0,"508":0,"509":0,"510":0,"511":0,"512":0,"513":0,"514":0,"515":0,"516":0,"517":0,"518":1,"519":0,"520":0,"521":0,"522":0,"523":0,"524":1,"525":0,"526":1,"527":0,"528":0,"529":0,"530":0,"531":0,"532":0,"533":0,"534":0,"535":0,"536":1,"537":0,"538":0,"539":0,"540":0,"541":0,"542":0,"543":0,"544":0,"545":0,"546":0,"547":0,"548":0,"549":0,"550":0,"551":0,"552":1,"553":0,"554":0,"555":0,"556":1,"557":0,"558":0,"559":0,"560":0,"561":0,"562":0,"563":0,"564":0,"565":0,"566":0,"567":0,"568":0,"569":1,"570":0,"571":0,"572":0,"573":0,"574":0,"575":0,"576":0,"577":0,"578":1,"579":0,"580":0,"581":0,"582":0,"583":0,"584":0,"585":0,"586":0,"587":0,"588":0,"589":0,"590":0,"591":0,"592":0,"593":0,"594":0,"595":0,"596":0,"597":0,"598":0,"599":1,"600":0,"601":0,"602":0,"603":1,"604":0,"605":0,"606":0,"607":0,"608":0,"609":0,"610":0,"611":0,"612":0,"613":0,"614":0,"615":0,"616":0,"617":1,"618":0,"619":0,"620":0,"621":0,"622":0,"623":0,"624":0,"625":0,"626":1,"627":0,"628":0,"629":0,"630":0,"631":0,"632":0,"633":0,"634":0,"635":0,"636":0,"637":0,"638":0,"639":0,"640":0,"641":0,"642":0,"643":0,"644":0,"645":0,"646":0,"647":0,"648":0,"649":0,"650":0,"651":0,"652":0,"653":0,"654":0,"655":0,"656":0,"657":0,"658":0,"659":0,"660":1,"661":0,"662":0,"663":0,"664":0,"665":0,"666":0,"667":0,"668":0,"669":0,"670":0,"671":0,"672":0,"673":0,"674":0,"675":0,"676":0,"677":0,"678":0,"679":0,"680":0,"681":1,"682":0,"683":1,"684":0,"685":0,"686":0,"687":0,"688":0,"689":0,"690":0,"691":0,"692":1,"693":0,"694":0,"695":0,"696":0,"697":0,"698":0,"699":0,"700":0,"701":0,"702":0,"703":0,"704":0,"705":0,"706":0,"707":0,"708":0,"709":0,"710":0,"711":0,"712":0,"713":0,"714":0,"715":0,"716":0,"717":0,"718":0,"719":0,"720":0,"721":0,"722":0,"723":0,"724":0,"725":0,"726":0,"727":0,"728":0,"729":0,"730":1,"731":0,"732":0,"733":0,"734":0,"735":0,"736":0,"737":0,"738":0,"739":0,"740":0,"741":0,"742":0,"743":0,"744":0,"745":0,"746":0,"747":0,"748":0,"749":0,"750":0,"751":0,"752":0,"753":0,"754":0,"755":0,"756":0,"757":0,"758":0,"759":0,"760":0,"761":0,"762":0,"763":0,"764":0,"765":0,"766":0,"767":0,"768":0,"769":0,"770":1,"771":0,"772":0,"773":0,"774":0,"775":0,"776":0,"777":0,"778":0,"779":0,"780":0,"781":0,"782":0,"783":0,"784":0,"785":0,"786":0,"787":0,"788":0,"789":1,"790":0,"791":0,"792":0,"793":0,"794":0,"795":0,"796":0,"797":0,"798":0,"799":0,"800":0,"801":0,"802":0,"803":0,"804":0,"805":0,"806":0,"807":1,"808":0,"809":0,"810":1,"811":1,"812":0,"813":0,"814":0,"815":0,"816":0,"817":0,"818":0,"819":0,"820":0,"821":1,"822":0,"823":1,"824":0,"825":0,"826":0,"827":0,"828":0,"829":0,"830":0,"831":0,"832":0,"833":0,"834":0,"835":0,"836":0,"837":0,"838":1,"839":1,"840":1,"841":1,"842":0,"843":0,"844":0,"845":0,"846":0,"847":0,"848":0,"849":1,"850":1,"851":1,"852":28,"853":1,"854":1,"855":0,"856":0,"857":0,"858":0,"859":0,"860":0,"861":0,"862":0,"863":0,"864":0,"865":0,"866":0,"867":0,"868":0,"869":0,"870":1,"871":1,"872":1,"873":1,"874":0,"875":0,"876":0,"877":0,"878":0,"879":0,"880":0,"881":0,"882":0,"883":0,"884":1,"885":0,"886":0,"887":0,"888":0,"889":0,"890":1,"891":1,"892":1,"893":1,"894":1,"895":1,"896":0,"897":0,"898":0,"899":0,"900":0,"901":1,"902":0,"903":1,"904":1,"905":1,"906":0,"907":0,"908":1,"909":9,"910":9,"911":252,"912":247,"913":9,"914":9,"915":9,"916":9,"917":0,"918":0,"919":0,"920":0,"921":0,"922":9,"923":0,"924":0,"925":0,"926":0,"927":0,"928":0,"929":0,"930":0,"931":0,"932":0,"933":0,"934":0,"935":0,"936":0,"937":0,"938":0,"939":0,"940":0,"941":0,"942":0,"943":0,"944":0,"945":0,"946":0,"947":0,"948":0,"949":0,"950":0,"951":0,"952":0,"953":0,"954":0,"955":0,"956":0,"957":0,"958":0,"959":0,"960":0,"961":0,"962":0,"963":0,"964":0,"965":0,"966":0,"967":0,"968":0,"969":0,"970":0,"971":0,"972":0,"973":0,"974":0,"975":0,"976":0,"977":0,"978":0,"979":0,"980":0,"981":0,"982":0,"983":0,"984":0,"985":0,"986":0,"987":1,"988":1,"989":1,"990":1,"991":1,"992":1},"b":{"1":[0,1],"2":[1,0],"3":[1,0],"4":[1,1],"5":[0,1],"6":[0,0],"7":[0,0,0],"8":[0,0],"9":[0,0],"10":[0,0],"11":[0,1],"12":[0,0],"13":[0,1],"14":[0,1],"15":[0,0],"16":[0,0],"17":[0,0],"18":[0,0],"19":[0,0],"20":[0,0,0],"21":[0,0],"22":[0,0],"23":[0,0],"24":[0,0],"25":[0,0],"26":[0,1],"27":[0,0],"28":[0,0],"29":[0,0],"30":[0,0],"31":[0,0],"32":[0,0],"33":[0,0],"34":[0,0],"35":[0,0],"36":[0,0],"37":[0,0,0,0,0,0],"38":[0,0],"39":[0,0],"40":[0,0],"41":[0,0],"42":[0,0],"43":[0,0],"44":[0,0],"45":[0,0],"46":[0,0],"47":[0,0],"48":[0,0],"49":[0,0],"50":[0,0],"51":[0,0],"52":[0,0],"53":[0,0],"54":[0,0],"55":[0,0],"56":[0,0],"57":[0,0],"58":[0,0],"59":[0,0],"60":[0,0],"61":[0,0],"62":[0,0],"63":[0,1],"64":[0,1],"65":[0,1],"66":[0,1],"67":[0,1],"68":[1,1],"69":[0,1],"70":[0,1],"71":[0,0],"72":[0,0],"73":[0,0],"74":[0,0],"75":[0,0],"76":[0,0],"77":[0,0],"78":[0,0],"79":[0,0],"80":[0,0],"81":[0,0],"82":[0,0],"83":[0,0],"84":[0,0],"85":[0,0],"86":[0,0],"87":[0,0],"88":[0,0],"89":[0,0],"90":[0,0],"91":[0,0],"92":[0,0],"93":[0,0],"94":[0,0],"95":[0,0],"96":[0,0,0],"97":[0,0],"98":[0,0],"99":[0,0],"100":[0,0],"101":[0,0],"102":[0,0],"103":[0,0],"104":[0,0],"105":[0,0],"106":[0,0],"107":[0,0],"108":[0,0],"109":[0,0,0],"110":[0,0],"111":[0,0],"112":[0,0],"113":[0,0],"114":[0,0],"115":[0,0],"116":[0,0],"117":[0,0],"118":[0,0,0,0,0,0,0,0,0,0],"119":[0,0],"120":[0,0],"121":[0,0],"122":[0,0,0,0],"123":[0,0],"124":[0,0],"125":[0,0],"126":[0,0],"127":[0,0],"128":[0,0],"129":[0,0],"130":[0,0],"131":[0,0],"132":[0,0],"133":[0,0],"134":[0,0],"135":[0,0],"136":[0,0],"137":[0,0],"138":[0,0],"139":[0,0],"140":[0,0],"141":[0,0],"142":[0,0],"143":[0,0],"144":[0,0],"145":[0,0],"146":[0,0],"147":[0,0],"148":[0,0],"149":[0,0],"150":[0,0],"151":[0,0],"152":[0,0],"153":[0,0,0,0],"154":[0,0],"155":[0,0],"156":[0,0],"157":[0,0],"158":[0,0],"159":[0,0],"160":[0,0],"161":[0,0],"162":[0,0],"163":[0,0],"164":[0,0],"165":[0,0],"166":[0,0],"167":[0,0],"168":[0,0],"169":[0,0],"170":[0,0,0,0],"171":[0,0],"172":[0,0],"173":[0,0],"174":[0,0,0,0],"175":[0,0],"176":[0,0],"177":[0,0],"178":[0,0],"179":[0,0],"180":[0,0],"181":[0,0],"182":[0,0],"183":[0,0],"184":[0,0],"185":[0,0],"186":[0,0],"187":[0,0],"188":[0,0],"189":[0,0],"190":[0,0],"191":[0,0,0],"192":[0,0,0],"193":[0,0],"194":[0,0],"195":[0,0],"196":[0,0],"197":[0,0],"198":[0,0],"199":[0,0,0],"200":[0,0],"201":[0,0],"202":[0,0],"203":[0,0],"204":[0,0,0,0],"205":[0,0],"206":[0,0],"207":[0,0],"208":[0,0],"209":[0,0],"210":[0,0],"211":[0,0],"212":[0,0],"213":[0,0],"214":[0,0],"215":[0,0],"216":[0,0],"217":[0,0],"218":[0,0],"219":[0,0],"220":[0,0],"221":[0,0],"222":[0,0],"223":[0,0],"224":[0,0],"225":[0,0,0],"226":[0,0,0,0,0],"227":[0,0],"228":[0,0],"229":[0,0],"230":[0,0],"231":[0,0],"232":[0,0],"233":[0,0],"234":[0,0],"235":[0,0],"236":[0,0],"237":[0,0],"238":[0,0],"239":[0,0],"240":[0,0],"241":[0,0],"242":[0,0],"243":[0,0],"244":[0,0],"245":[0,0],"246":[0,0],"247":[0,0],"248":[0,0],"249":[0,0],"250":[0,0],"251":[0,0],"252":[0,0],"253":[0,0],"254":[0,0],"255":[0,0],"256":[0,0],"257":[0,0],"258":[0,0],"259":[0,0],"260":[0,0],"261":[0,0,0,0,0],"262":[0,0],"263":[0,0],"264":[0,0],"265":[0,0],"266":[0,0],"267":[0,0],"268":[0,0],"269":[0,0],"270":[0,0],"271":[0,0],"272":[0,0],"273":[0,0],"274":[0,0],"275":[0,0],"276":[0,0],"277":[0,0],"278":[0,0],"279":[0,0],"280":[0,0],"281":[0,0],"282":[0,0],"283":[0,0],"284":[0,0],"285":[0,0],"286":[0,0],"287":[0,0],"288":[0,0],"289":[0,0],"290":[0,0],"291":[0,0],"292":[0,0],"293":[0,0],"294":[0,0],"295":[0,0],"296":[0,0],"297":[0,0],"298":[0,0],"299":[0,0],"300":[0,0],"301":[0,0],"302":[0,0],"303":[0,0],"304":[0,0],"305":[0,0],"306":[0,0],"307":[0,0],"308":[0,0],"309":[0,0],"310":[0,0],"311":[0,0],"312":[0,0],"313":[0,0],"314":[0,0],"315":[0,0,0],"316":[0,0],"317":[0,0],"318":[0,0],"319":[0,0],"320":[0,0,0],"321":[0,0],"322":[0,0],"323":[0,0],"324":[0,0],"325":[0,0],"326":[0,0],"327":[0,0],"328":[0,0],"329":[1,0],"330":[0,0],"331":[0,0],"332":[0,0],"333":[0,0],"334":[0,0],"335":[0,0],"336":[0,0],"337":[0,0],"338":[0,0],"339":[0,0],"340":[0,0],"341":[0,0],"342":[0,0],"343":[0,0],"344":[0,0],"345":[0,0],"346":[0,0,0,0],"347":[0,0],"348":[0,1],"349":[1,0],"350":[0,1],"351":[247,5],"352":[252,247],"353":[9,0],"354":[0,0],"355":[0,0],"356":[0,0],"357":[0,0],"358":[0,0],"359":[0,0],"360":[0,0],"361":[0,0],"362":[0,0],"363":[0,0],"364":[0,0],"365":[0,0],"366":[0,0],"367":[0,0],"368":[0,0],"369":[0,0],"370":[0,0,0],"371":[0,0],"372":[0,0],"373":[0,0],"374":[0,0],"375":[1,1]},"f":{"1":1,"2":1,"3":0,"4":0,"5":0,"6":0,"7":0,"8":0,"9":0,"10":0,"11":0,"12":0,"13":0,"14":0,"15":0,"16":0,"17":0,"18":0,"19":0,"20":1,"21":0,"22":0,"23":0,"24":0,"25":0,"26":0,"27":0,"28":0,"29":0,"30":0,"31":0,"32":0,"33":0,"34":0,"35":0,"36":0,"37":0,"38":0,"39":0,"40":0,"41":0,"42":0,"43":0,"44":0,"45":0,"46":0,"47":0,"48":0,"49":0,"50":0,"51":0,"52":0,"53":0,"54":0,"55":0,"56":0,"57":0,"58":0,"59":0,"60":0,"61":0,"62":0,"63":0,"64":0,"65":0,"66":0,"67":0,"68":0,"69":0,"70":0,"71":0,"72":1,"73":0,"74":0,"75":0,"76":0,"77":0,"78":1,"79":0,"80":0,"81":1,"82":9,"83":0,"84":0,"85":0,"86":0,"87":0,"88":0,"89":0,"90":0,"91":0,"92":0,"93":0,"94":0,"95":0,"96":0,"97":0,"98":0,"99":0},"fnMap":{"1":{"name":"(anonymous_1)","line":9,"loc":{"start":{"line":9,"column":1},"end":{"line":9,"column":28}}},"2":{"name":"(anonymous_2)","line":20,"loc":{"start":{"line":20,"column":8},"end":{"line":20,"column":20}}},"3":{"name":"(anonymous_3)","line":24,"loc":{"start":{"line":24,"column":16},"end":{"line":24,"column":28}}},"4":{"name":"(anonymous_4)","line":38,"loc":{"start":{"line":38,"column":9},"end":{"line":38,"column":24}}},"5":{"name":"(anonymous_5)","line":64,"loc":{"start":{"line":64,"column":18},"end":{"line":64,"column":28}}},"6":{"name":"F","line":65,"loc":{"start":{"line":65,"column":2},"end":{"line":65,"column":14}}},"7":{"name":"(anonymous_7)","line":67,"loc":{"start":{"line":67,"column":9},"end":{"line":67,"column":20}}},"8":{"name":"(anonymous_8)","line":78,"loc":{"start":{"line":78,"column":17},"end":{"line":78,"column":33}}},"9":{"name":"(anonymous_9)","line":84,"loc":{"start":{"line":84,"column":27},"end":{"line":84,"column":70}}},"10":{"name":"(anonymous_10)","line":118,"loc":{"start":{"line":118,"column":19},"end":{"line":118,"column":34}}},"11":{"name":"notReallyPercentEncode","line":147,"loc":{"start":{"line":147,"column":0},"end":{"line":147,"column":40}}},"12":{"name":"(anonymous_12)","line":148,"loc":{"start":{"line":148,"column":52},"end":{"line":148,"column":77}}},"13":{"name":"uriTemplateSubstitution","line":153,"loc":{"start":{"line":153,"column":0},"end":{"line":153,"column":39}}},"14":{"name":"(anonymous_14)","line":216,"loc":{"start":{"line":216,"column":19},"end":{"line":216,"column":44}}},"15":{"name":"UriTemplate","line":280,"loc":{"start":{"line":280,"column":0},"end":{"line":280,"column":31}}},"16":{"name":"(anonymous_16)","line":299,"loc":{"start":{"line":299,"column":13},"end":{"line":299,"column":38}}},"17":{"name":"(anonymous_17)","line":312,"loc":{"start":{"line":312,"column":11},"end":{"line":312,"column":23}}},"18":{"name":"(anonymous_18)","line":315,"loc":{"start":{"line":315,"column":17},"end":{"line":315,"column":32}}},"19":{"name":"(anonymous_19)","line":316,"loc":{"start":{"line":316,"column":19},"end":{"line":316,"column":38}}},"20":{"name":"ValidatorContext","line":321,"loc":{"start":{"line":321,"column":23},"end":{"line":321,"column":129}}},"21":{"name":"(anonymous_21)","line":354,"loc":{"start":{"line":354,"column":43},"end":{"line":354,"column":79}}},"22":{"name":"(anonymous_22)","line":358,"loc":{"start":{"line":358,"column":41},"end":{"line":358,"column":119}}},"23":{"name":"(anonymous_23)","line":363,"loc":{"start":{"line":363,"column":41},"end":{"line":363,"column":58}}},"24":{"name":"(anonymous_24)","line":366,"loc":{"start":{"line":366,"column":42},"end":{"line":366,"column":59}}},"25":{"name":"(anonymous_25)","line":372,"loc":{"start":{"line":372,"column":42},"end":{"line":372,"column":86}}},"26":{"name":"(anonymous_26)","line":378,"loc":{"start":{"line":378,"column":50},"end":{"line":378,"column":74}}},"27":{"name":"(anonymous_27)","line":389,"loc":{"start":{"line":389,"column":39},"end":{"line":389,"column":68}}},"28":{"name":"(anonymous_28)","line":398,"loc":{"start":{"line":398,"column":41},"end":{"line":398,"column":71}}},"29":{"name":"(anonymous_29)","line":409,"loc":{"start":{"line":409,"column":39},"end":{"line":409,"column":66}}},"30":{"name":"(anonymous_30)","line":448,"loc":{"start":{"line":448,"column":43},"end":{"line":448,"column":66}}},"31":{"name":"(anonymous_31)","line":475,"loc":{"start":{"line":475,"column":39},"end":{"line":475,"column":62}}},"32":{"name":"(anonymous_32)","line":496,"loc":{"start":{"line":496,"column":42},"end":{"line":496,"column":54}}},"33":{"name":"(anonymous_33)","line":504,"loc":{"start":{"line":504,"column":43},"end":{"line":504,"column":67}}},"34":{"name":"(anonymous_34)","line":514,"loc":{"start":{"line":514,"column":44},"end":{"line":514,"column":68}}},"35":{"name":"(anonymous_35)","line":524,"loc":{"start":{"line":524,"column":41},"end":{"line":524,"column":53}}},"36":{"name":"(anonymous_36)","line":528,"loc":{"start":{"line":528,"column":35},"end":{"line":528,"column":47}}},"37":{"name":"(anonymous_37)","line":534,"loc":{"start":{"line":534,"column":41},"end":{"line":534,"column":114}}},"38":{"name":"(anonymous_38)","line":638,"loc":{"start":{"line":638,"column":44},"end":{"line":638,"column":68}}},"39":{"name":"(anonymous_39)","line":650,"loc":{"start":{"line":650,"column":53},"end":{"line":650,"column":94}}},"40":{"name":"recursiveCompare","line":680,"loc":{"start":{"line":680,"column":0},"end":{"line":680,"column":32}}},"41":{"name":"validateBasic","line":719,"loc":{"start":{"line":719,"column":43},"end":{"line":719,"column":97}}},"42":{"name":"validateType","line":730,"loc":{"start":{"line":730,"column":42},"end":{"line":730,"column":78}}},"43":{"name":"validateEnum","line":754,"loc":{"start":{"line":754,"column":42},"end":{"line":754,"column":78}}},"44":{"name":"validateNumeric","line":767,"loc":{"start":{"line":767,"column":45},"end":{"line":767,"column":101}}},"45":{"name":"validateMultipleOf","line":776,"loc":{"start":{"line":776,"column":48},"end":{"line":776,"column":90}}},"46":{"name":"validateMinMax","line":790,"loc":{"start":{"line":790,"column":44},"end":{"line":790,"column":82}}},"47":{"name":"validateNaN","line":813,"loc":{"start":{"line":813,"column":41},"end":{"line":813,"column":76}}},"48":{"name":"validateString","line":823,"loc":{"start":{"line":823,"column":44},"end":{"line":823,"column":99}}},"49":{"name":"validateStringLength","line":829,"loc":{"start":{"line":829,"column":50},"end":{"line":829,"column":94}}},"50":{"name":"validateStringPattern","line":846,"loc":{"start":{"line":846,"column":51},"end":{"line":846,"column":96}}},"51":{"name":"validateArray","line":874,"loc":{"start":{"line":874,"column":43},"end":{"line":874,"column":97}}},"52":{"name":"validateArrayLength","line":884,"loc":{"start":{"line":884,"column":49},"end":{"line":884,"column":92}}},"53":{"name":"validateArrayUniqueItems","line":905,"loc":{"start":{"line":905,"column":54},"end":{"line":905,"column":102}}},"54":{"name":"validateArrayItems","line":921,"loc":{"start":{"line":921,"column":48},"end":{"line":921,"column":107}}},"55":{"name":"validateObject","line":955,"loc":{"start":{"line":955,"column":44},"end":{"line":955,"column":99}}},"56":{"name":"validateObjectMinMaxProperties","line":966,"loc":{"start":{"line":966,"column":60},"end":{"line":966,"column":114}}},"57":{"name":"validateObjectRequiredProperties","line":988,"loc":{"start":{"line":988,"column":62},"end":{"line":988,"column":118}}},"58":{"name":"validateObjectProperties","line":1003,"loc":{"start":{"line":1003,"column":54},"end":{"line":1003,"column":119}}},"59":{"name":"validateObjectDependencies","line":1054,"loc":{"start":{"line":1054,"column":56},"end":{"line":1054,"column":123}}},"60":{"name":"validateCombinations","line":1088,"loc":{"start":{"line":1088,"column":50},"end":{"line":1088,"column":111}}},"61":{"name":"validateAllOf","line":1096,"loc":{"start":{"line":1096,"column":43},"end":{"line":1096,"column":97}}},"62":{"name":"validateAnyOf","line":1110,"loc":{"start":{"line":1110,"column":43},"end":{"line":1110,"column":97}}},"63":{"name":"validateOneOf","line":1167,"loc":{"start":{"line":1167,"column":43},"end":{"line":1167,"column":97}}},"64":{"name":"validateNot","line":1225,"loc":{"start":{"line":1225,"column":41},"end":{"line":1225,"column":93}}},"65":{"name":"validateCombinations","line":1250,"loc":{"start":{"line":1250,"column":48},"end":{"line":1250,"column":109}}},"66":{"name":"parseURI","line":1280,"loc":{"start":{"line":1280,"column":0},"end":{"line":1280,"column":23}}},"67":{"name":"resolveUrl","line":1296,"loc":{"start":{"line":1296,"column":0},"end":{"line":1296,"column":32}}},"68":{"name":"removeDotSegments","line":1298,"loc":{"start":{"line":1298,"column":1},"end":{"line":1298,"column":35}}},"69":{"name":"(anonymous_69)","line":1303,"loc":{"start":{"line":1303,"column":26},"end":{"line":1303,"column":39}}},"70":{"name":"getDocumentUri","line":1323,"loc":{"start":{"line":1323,"column":0},"end":{"line":1323,"column":29}}},"71":{"name":"normSchema","line":1326,"loc":{"start":{"line":1326,"column":0},"end":{"line":1326,"column":37}}},"72":{"name":"defaultErrorReporter","line":1351,"loc":{"start":{"line":1351,"column":0},"end":{"line":1351,"column":40}}},"73":{"name":"(anonymous_73)","line":1356,"loc":{"start":{"line":1356,"column":8},"end":{"line":1356,"column":25}}},"74":{"name":"(anonymous_74)","line":1363,"loc":{"start":{"line":1363,"column":50},"end":{"line":1363,"column":76}}},"75":{"name":"ValidationError","line":1449,"loc":{"start":{"line":1449,"column":0},"end":{"line":1449,"column":72}}},"76":{"name":"(anonymous_76)","line":1476,"loc":{"start":{"line":1476,"column":39},"end":{"line":1476,"column":75}}},"77":{"name":"isTrustedUrl","line":1493,"loc":{"start":{"line":1493,"column":0},"end":{"line":1493,"column":40}}},"78":{"name":"createApi","line":1506,"loc":{"start":{"line":1506,"column":0},"end":{"line":1506,"column":29}}},"79":{"name":"(anonymous_79)","line":1511,"loc":{"start":{"line":1511,"column":20},"end":{"line":1511,"column":40}}},"80":{"name":"(anonymous_80)","line":1518,"loc":{"start":{"line":1518,"column":13},"end":{"line":1518,"column":25}}},"81":{"name":"(anonymous_81)","line":1521,"loc":{"start":{"line":1521,"column":12},"end":{"line":1521,"column":28}}},"82":{"name":"(anonymous_82)","line":1534,"loc":{"start":{"line":1534,"column":15},"end":{"line":1534,"column":43}}},"83":{"name":"(anonymous_83)","line":1556,"loc":{"start":{"line":1556,"column":12},"end":{"line":1556,"column":32}}},"84":{"name":"(anonymous_84)","line":1563,"loc":{"start":{"line":1563,"column":12},"end":{"line":1563,"column":74}}},"85":{"name":"(anonymous_85)","line":1565,"loc":{"start":{"line":1565,"column":45},"end":{"line":1565,"column":76}}},"86":{"name":"(anonymous_86)","line":1582,"loc":{"start":{"line":1582,"column":18},"end":{"line":1582,"column":30}}},"87":{"name":"(anonymous_87)","line":1583,"loc":{"start":{"line":1583,"column":27},"end":{"line":1583,"column":39}}},"88":{"name":"(anonymous_88)","line":1589,"loc":{"start":{"line":1589,"column":20},"end":{"line":1589,"column":82}}},"89":{"name":"(anonymous_89)","line":1591,"loc":{"start":{"line":1591,"column":45},"end":{"line":1591,"column":76}}},"90":{"name":"(anonymous_90)","line":1603,"loc":{"start":{"line":1603,"column":27},"end":{"line":1603,"column":39}}},"91":{"name":"(anonymous_91)","line":1611,"loc":{"start":{"line":1611,"column":13},"end":{"line":1611,"column":25}}},"92":{"name":"(anonymous_92)","line":1614,"loc":{"start":{"line":1614,"column":13},"end":{"line":1614,"column":25}}},"93":{"name":"(anonymous_93)","line":1617,"loc":{"start":{"line":1617,"column":16},"end":{"line":1617,"column":28}}},"94":{"name":"(anonymous_94)","line":1620,"loc":{"start":{"line":1620,"column":17},"end":{"line":1620,"column":29}}},"95":{"name":"(anonymous_95)","line":1623,"loc":{"start":{"line":1623,"column":18},"end":{"line":1623,"column":30}}},"96":{"name":"(anonymous_96)","line":1626,"loc":{"start":{"line":1626,"column":15},"end":{"line":1626,"column":27}}},"97":{"name":"(anonymous_97)","line":1629,"loc":{"start":{"line":1629,"column":17},"end":{"line":1629,"column":29}}},"98":{"name":"(anonymous_98)","line":1632,"loc":{"start":{"line":1632,"column":15},"end":{"line":1632,"column":63}}},"99":{"name":"(anonymous_99)","line":1655,"loc":{"start":{"line":1655,"column":9},"end":{"line":1655,"column":21}}}},"statementMap":{"1":{"start":{"line":9,"column":0},"end":{"line":1681,"column":4}},"2":{"start":{"line":10,"column":2},"end":{"line":19,"column":3}},"3":{"start":{"line":12,"column":4},"end":{"line":12,"column":24}},"4":{"start":{"line":13,"column":9},"end":{"line":19,"column":3}},"5":{"start":{"line":15,"column":4},"end":{"line":15,"column":31}},"6":{"start":{"line":18,"column":4},"end":{"line":18,"column":27}},"7":{"start":{"line":23,"column":0},"end":{"line":61,"column":1}},"8":{"start":{"line":24,"column":1},"end":{"line":60,"column":6}},"9":{"start":{"line":25,"column":2},"end":{"line":36,"column":38}},"10":{"start":{"line":38,"column":2},"end":{"line":59,"column":4}},"11":{"start":{"line":39,"column":3},"end":{"line":41,"column":4}},"12":{"start":{"line":40,"column":4},"end":{"line":40,"column":60}},"13":{"start":{"line":43,"column":3},"end":{"line":43,"column":19}},"14":{"start":{"line":45,"column":3},"end":{"line":49,"column":4}},"15":{"start":{"line":46,"column":4},"end":{"line":48,"column":5}},"16":{"start":{"line":47,"column":5},"end":{"line":47,"column":23}},"17":{"start":{"line":51,"column":3},"end":{"line":57,"column":4}},"18":{"start":{"line":52,"column":4},"end":{"line":56,"column":5}},"19":{"start":{"line":53,"column":5},"end":{"line":55,"column":6}},"20":{"start":{"line":54,"column":6},"end":{"line":54,"column":32}},"21":{"start":{"line":58,"column":3},"end":{"line":58,"column":17}},"22":{"start":{"line":63,"column":0},"end":{"line":75,"column":1}},"23":{"start":{"line":64,"column":1},"end":{"line":74,"column":6}},"24":{"start":{"line":65,"column":2},"end":{"line":65,"column":16}},"25":{"start":{"line":67,"column":2},"end":{"line":73,"column":4}},"26":{"start":{"line":68,"column":3},"end":{"line":70,"column":4}},"27":{"start":{"line":69,"column":4},"end":{"line":69,"column":80}},"28":{"start":{"line":71,"column":3},"end":{"line":71,"column":19}},"29":{"start":{"line":72,"column":3},"end":{"line":72,"column":18}},"30":{"start":{"line":77,"column":0},"end":{"line":81,"column":1}},"31":{"start":{"line":78,"column":1},"end":{"line":80,"column":3}},"32":{"start":{"line":79,"column":2},"end":{"line":79,"column":67}},"33":{"start":{"line":83,"column":0},"end":{"line":114,"column":1}},"34":{"start":{"line":84,"column":1},"end":{"line":113,"column":3}},"35":{"start":{"line":85,"column":2},"end":{"line":87,"column":3}},"36":{"start":{"line":86,"column":3},"end":{"line":86,"column":25}},"37":{"start":{"line":88,"column":2},"end":{"line":88,"column":23}},"38":{"start":{"line":89,"column":2},"end":{"line":89,"column":27}},"39":{"start":{"line":91,"column":2},"end":{"line":93,"column":3}},"40":{"start":{"line":92,"column":3},"end":{"line":92,"column":13}},"41":{"start":{"line":94,"column":2},"end":{"line":94,"column":12}},"42":{"start":{"line":95,"column":2},"end":{"line":102,"column":3}},"43":{"start":{"line":96,"column":3},"end":{"line":96,"column":28}},"44":{"start":{"line":97,"column":3},"end":{"line":101,"column":4}},"45":{"start":{"line":98,"column":4},"end":{"line":98,"column":10}},"46":{"start":{"line":99,"column":10},"end":{"line":101,"column":4}},"47":{"start":{"line":100,"column":4},"end":{"line":100,"column":48}},"48":{"start":{"line":103,"column":2},"end":{"line":105,"column":3}},"49":{"start":{"line":104,"column":3},"end":{"line":104,"column":13}},"50":{"start":{"line":106,"column":2},"end":{"line":106,"column":54}},"51":{"start":{"line":107,"column":2},"end":{"line":111,"column":3}},"52":{"start":{"line":108,"column":3},"end":{"line":110,"column":4}},"53":{"start":{"line":109,"column":4},"end":{"line":109,"column":13}},"54":{"start":{"line":112,"column":2},"end":{"line":112,"column":12}},"55":{"start":{"line":117,"column":0},"end":{"line":131,"column":1}},"56":{"start":{"line":118,"column":1},"end":{"line":130,"column":3}},"57":{"start":{"line":119,"column":2},"end":{"line":119,"column":34}},"58":{"start":{"line":120,"column":2},"end":{"line":122,"column":3}},"59":{"start":{"line":121,"column":3},"end":{"line":121,"column":24}},"60":{"start":{"line":123,"column":2},"end":{"line":129,"column":3}},"61":{"start":{"line":124,"column":3},"end":{"line":124,"column":19}},"62":{"start":{"line":125,"column":3},"end":{"line":125,"column":19}},"63":{"start":{"line":126,"column":3},"end":{"line":126,"column":16}},"64":{"start":{"line":128,"column":3},"end":{"line":128,"column":15}},"65":{"start":{"line":134,"column":0},"end":{"line":142,"column":2}},"66":{"start":{"line":143,"column":0},"end":{"line":145,"column":2}},"67":{"start":{"line":147,"column":0},"end":{"line":151,"column":1}},"68":{"start":{"line":148,"column":1},"end":{"line":150,"column":4}},"69":{"start":{"line":149,"column":2},"end":{"line":149,"column":42}},"70":{"start":{"line":153,"column":0},"end":{"line":278,"column":1}},"71":{"start":{"line":154,"column":1},"end":{"line":154,"column":19}},"72":{"start":{"line":155,"column":1},"end":{"line":158,"column":2}},"73":{"start":{"line":156,"column":2},"end":{"line":156,"column":28}},"74":{"start":{"line":157,"column":2},"end":{"line":157,"column":27}},"75":{"start":{"line":159,"column":1},"end":{"line":159,"column":20}},"76":{"start":{"line":160,"column":1},"end":{"line":160,"column":17}},"77":{"start":{"line":161,"column":1},"end":{"line":161,"column":25}},"78":{"start":{"line":162,"column":1},"end":{"line":162,"column":27}},"79":{"start":{"line":163,"column":1},"end":{"line":163,"column":29}},"80":{"start":{"line":164,"column":1},"end":{
[...]
\t\t// Browser globals","\t\tglobal.tv4.addLanguage('nb', lang);","\t}","})(this);","",""],"l":{"1":1,"2":1,"40":1,"42":0,"43":0,"44":0,"46":1,"48":1,"49":1,"50":1,"53":0}},"/home/travis/build/npmtest/node-npmtest-tv4/node_modules/tv4/lang/pl-PL.js":{"path":"/home/travis/build/npmtest/node-npmtest-tv4/node_modules/tv4/lang/pl-PL.js","s":{"1":1,"2":1,"3":1,"4":0,"5":0,"6":0,"7":1,"8":1,"9":1,"10":1,"11":0},"b":{"1":[0,1],"2":[1,0],"3":[1,0],"4":[1,1]},"f":{"1":1,"2":0},"fnMap":{"1":{"name":"(anonymous_1)","line":1,"loc":{"start":{"line":1,"column":1},"end":{"line":1,"column":19}}},"2":{"name":"(anonymous_2)","line":42,"loc":{"start":{"line":42,"column":21},"end":{"line":42,"column":35}}}},"statementMap":{"1":{"start":{"line":1,"column":0},"end":{"line":55,"column":9}},"2":{"start":{"line":2,"column":1},"end":{"line":38,"column":3}},"3":{"start":{"line":40,"column":1},"end":{"line":54,"column":2}},"4":{"start":{"line":42,"column":2},"end":{"line":45,"column":5}},"5":{"start":{"line":43,"column":3},"end":{"line":43,"column":34}},"6":{"start":{"line":44,"column":3},"end":{"line":44,"column":14}},"7":{"start":{"line":46,"column":8},"end":{"line":54,"column":2}},"8":{"start":{"line":48,"column":2},"end":{"line":48,"column":30}},"9":{"start":{"line":49,"column":2},"end":{"line":49,"column":33}},"10":{"start":{"line":50,"column":2},"end":{"line":50,"column":23}},"11":{"start":{"line":53,"column":2},"end":{"line":53,"column":40}}},"branchMap":{"1":{"line":40,"type":"if","locations":[{"start":{"line":40,"column":1},"end":{"line":40,"column":1}},{"start":{"line":40,"column":1},"end":{"line":40,"column":1}}]},"2":{"line":40,"type":"binary-expr","locations":[{"start":{"line":40,"column":5},"end":{"line":40,"column":33}},{"start":{"line":40,"column":37},"end":{"line":40,"column":47}}]},"3":{"line":46,"type":"if","locations":[{"start":{"line":46,"column":8},"end":{"line":46,"column":8}},{"start":{"line":46,"column":8},"end":{"line":46,"column":8}}]},"4":{"line":46,"type":"binary-expr","locations":[{"start":{"line":46,"column":12},"end":{"line":46,"column":41}},{"start":{"line":46,"column":45},"end":{"line":46,"column":59}}]}},"code":["(function (global) {","\tvar lang = {","        INVALID_TYPE: \"Niepoprawny typ: {type} (spodziewany {expected})\",","        ENUM_MISMATCH: \"Żadna predefiniowana wartośc nie pasuje do: {value}\",","        ANY_OF_MISSING: \"Dane nie pasują do żadnego wzoru z sekcji \\\"anyOf\\\"\",","        ONE_OF_MISSING: \"Dane nie pasują do żadnego wzoru z sekcji \\\"oneOf\\\"\",","        ONE_OF_MULTIPLE: \"Dane są prawidłowe dla więcej niż jednego schematu z \\\"oneOf\\\": indeksy {index1} i {index2}\",","        NOT_PASSED: \"Dane pasują do wzoru z sekcji \\\"not\\\"\",","        // Numeric errors","        NUMBER_MULTIPLE_OF: \"Wartość {value} nie jest wielokrotnością {multipleOf}\",","        NUMBER_MINIMUM: \"Wartość {value} jest mniejsza niż {minimum}\",","        NUMBER_MINIMUM_EXCLUSIVE: \"Wartość {value} jest równa wyłączonemu minimum {minimum}\",","        NUMBER_MAXIMUM: \"Wartość {value} jest większa niż {maximum}\",","        NUMBER_MAXIMUM_EXCLUSIVE: \"Wartość {value} jest równa wyłączonemu maksimum {maximum}\",","        NUMBER_NOT_A_NUMBER: \"Wartość {value} nie jest poprawną liczbą\",","        // String errors","        STRING_LENGTH_SHORT: \"Napis jest za krótki ({length} znaków), minimum {minimum}\",","        STRING_LENGTH_LONG: \"Napis jest za długi ({length} )znaków, maksimum {maximum}\",","        STRING_PATTERN: \"Napis nie pasuje do wzoru: {pattern}\",","        // Object errors","        OBJECT_PROPERTIES_MINIMUM: \"Za mało zdefiniowanych pól ({propertyCount}), minimum {minimum}\",","        OBJECT_PROPERTIES_MAXIMUM: \"Za dużo zdefiniowanych pól ({propertyCount}), maksimum {maximum}\",","        OBJECT_REQUIRED: \"Brakuje wymaganego pola: {key}\",","        OBJECT_ADDITIONAL_PROPERTIES: \"Dodatkowe pola są niedozwolone\",","        OBJECT_DEPENDENCY_KEY: \"Błąd zależności - klucz musi istnieć: {missing} (wzgledem klucza: {key})\",","        // Array errors","        ARRAY_LENGTH_SHORT: \"Tablica ma za mało elementów ({length}), minimum {minimum}\",","        ARRAY_LENGTH_LONG: \"Tablica ma za dużo elementów ({length}), maximum {maximum}\",","        ARRAY_UNIQUE: \"Elementy tablicy nie są unikalne (indeks {match1} i {match2})\",","        ARRAY_ADDITIONAL_ITEMS: \"Dodatkowe elementy są niedozwolone\",","        // Format errors","        FORMAT_CUSTOM: \"Błąd zgodności z formatem ({message})\",","        KEYWORD_CUSTOM: \"Błąd słowa kluczowego: {key} ({message})\",","        // Schema structure","        CIRCULAR_REFERENCE: \"Cykliczna referencja $refs: {urls}\",","        // Non-standard validation options","        UNKNOWN_PROPERTY: \"Nie znane pole (brak we wzorze(schema))\"","\t};","\t","\tif (typeof define === 'function' && define.amd) {","\t\t// AMD. Register as an anonymous module.","\t\tdefine(['../tv4'], function(tv4) {","\t\t\ttv4.addLanguage('pl-PL', lang);","\t\t\treturn tv4;","\t\t});","\t} else if (typeof module !== 'undefined' && module.exports) {","\t\t// CommonJS. Define export.","\t\tvar tv4 = require('../tv4');","\t\ttv4.addLanguage('pl-PL', lang);","\t\tmodule.exports = tv4;","\t} else {","\t\t// Browser globals","\t\tglobal.tv4.addLanguage('pl-PL', lang);","\t}","})(this);",""],"l":{"1":1,"2":1,"40":1,"42":0,"43":0,"44":0,"46":1,"48":1,"49":1,"50":1,"53":0}},"/home/travis/build/npmtest/node-npmtest-tv4/node_modules/tv4/lang/pt-PT.js":{"path":"/home/travis/build/npmtest/node-npmtest-tv4/node_modules/tv4/lang/pt-PT.js","s":{"1":1,"2":1,"3":1,"4":0,"5":0,"6":0,"7":1,"8":1,"9":1,"10":1,"11":0},"b":{"1":[0,1],"2":[1,0],"3":[1,0],"4":[1,1]},"f":{"1":1,"2":0},"fnMap":{"1":{"name":"(anonymous_1)","line":1,"loc":{"start":{"line":1,"column":1},"end":{"line":1,"column":19}}},"2":{"name":"(anonymous_2)","line":42,"loc":{"start":{"line":42,"column":21},"end":{"line":42,"column":35}}}},"statementMap":{"1":{"start":{"line":1,"column":0},"end":{"line":55,"column":9}},"2":{"start":{"line":2,"column":1},"end":{"line":38,"column":3}},"3":{"start":{"line":40,"column":1},"end":{"line":54,"column":2}},"4":{"start":{"line":42,"column":2},"end":{"line":45,"column":5}},"5":{"start":{"line":43,"column":3},"end":{"line":43,"column":34}},"6":{"start":{"line":44,"column":3},"end":{"line":44,"column":14}},"7":{"start":{"line":46,"column":8},"end":{"line":54,"column":2}},"8":{"start":{"line":48,"column":2},"end":{"line":48,"column":30}},"9":{"start":{"line":49,"column":2},"end":{"line":49,"column":33}},"10":{"start":{"line":50,"column":2},"end":{"line":50,"column":23}},"11":{"start":{"line":53,"column":2},"end":{"line":53,"column":40}}},"branchMap":{"1":{"line":40,"type":"if","locations":[{"start":{"line":40,"column":1},"end":{"line":40,"column":1}},{"start":{"line":40,"column":1},"end":{"line":40,"column":1}}]},"2":{"line":40,"type":"binary-expr","locations":[{"start":{"line":40,"column":5},"end":{"line":40,"column":33}},{"start":{"line":40,"column":37},"end":{"line":40,"column":47}}]},"3":{"line":46,"type":"if","locations":[{"start":{"line":46,"column":8},"end":{"line":46,"column":8}},{"start":{"line":46,"column":8},"end":{"line":46,"column":8}}]},"4":{"line":46,"type":"binary-expr","locations":[{"start":{"line":46,"column":12},"end":{"line":46,"column":41}},{"start":{"line":46,"column":45},"end":{"line":46,"column":59}}]}},"code":["(function (global) {","\tvar lang = {","\t\tINVALID_TYPE: \"Tipo inválido: {type} (esperava {expected})\",","\t\tENUM_MISMATCH: \"Nenhuma correspondência 'enum' para: {value}\",","\t\tANY_OF_MISSING: \"Os dados não correspondem a nenhum esquema de \\\"anyOf\\\"\",","\t\tONE_OF_MISSING: \"Os dados não correspondem a nenhum esquema de \\\"oneOf\\\"\",","\t\tONE_OF_MULTIPLE: \"Os dados são válidos quando comparados com mais de um esquema de \\\"oneOf\\\": índices {index1} e {index2}\",","\t\tNOT_PASSED: \"Os dados correspondem a um esquema de \\\"not\\\"\",","\t\t// Numeric errors","\t\tNUMBER_MULTIPLE_OF: \"O valor {value} não é um múltiplo de {multipleOf}\",","\t\tNUMBER_MINIMUM: \"O valor {value} é menor que o mínimo {minimum}\",","\t\tNUMBER_MINIMUM_EXCLUSIVE: \"O valor {value} é igual ao mínimo exclusivo {minimum}\",","\t\tNUMBER_MAXIMUM: \"O valor {value} é maior que o máximo {maximum}\",","\t\tNUMBER_MAXIMUM_EXCLUSIVE: \"O valor {value} é igual ao máximo exclusivo {maximum}\",","\t\tNUMBER_NOT_A_NUMBER: \"O valor {value} não é um número válido\",","\t\t// String errors","\t\tSTRING_LENGTH_SHORT: \"A 'string' é muito curta ({length} caracteres), mínimo {minimum}\",","\t\tSTRING_LENGTH_LONG: \"A 'string' é muito longa ({length} caracteres), máximo {maximum}\",","\t\tSTRING_PATTERN: \"A 'string' não corresponde ao modelo: {pattern}\",","\t\t// Object errors","\t\tOBJECT_PROPERTIES_MINIMUM: \"Poucas propriedades definidas ({propertyCount}), mínimo {minimum}\",","\t\tOBJECT_PROPERTIES_MAXIMUM: \"Muitas propriedades definidas ({propertyCount}), máximo {maximum}\",","\t\tOBJECT_REQUIRED: \"Propriedade necessária em falta: {key}\",","\t\tOBJECT_ADDITIONAL_PROPERTIES: \"Não são permitidas propriedades adicionais\",","\t\tOBJECT_DEPENDENCY_KEY: \"Uma dependência falhou - tem de existir uma chave: {missing} (devido à chave: {key})\",","\t\t// Array errors","\t\tARRAY_LENGTH_SHORT: \"A 'array' é muito curta ({length}), mínimo {minimum}\",","\t\tARRAY_LENGTH_LONG: \"A 'array' é muito longa ({length}), máximo {maximum}\",","\t\tARRAY_UNIQUE: \"Os itens da 'array' não são únicos (índices {match1} e {match2})\",","\t\tARRAY_ADDITIONAL_ITEMS: \"Não são permitidos itens adicionais\",","\t\t// Format errors","\t\tFORMAT_CUSTOM: \"A validação do formato falhou ({message})\",","\t\tKEYWORD_CUSTOM: \"A 'keyword' falhou: {key} ({message})\",","\t\t// Schema structure","\t\tCIRCULAR_REFERENCE: \"$refs circular: {urls}\",","\t\t// Non-standard validation options","\t\tUNKNOWN_PROPERTY: \"Propriedade desconhecida (não está em 'schema')\"","\t};","\t","\tif (typeof define === 'function' && define.amd) {","\t\t// AMD. Register as an anonymous module.","\t\tdefine(['../tv4'], function(tv4) {","\t\t\ttv4.addLanguage('pt-PT', lang);","\t\t\treturn tv4;","\t\t});","\t} else if (typeof module !== 'undefined' && module.exports) {","\t\t// CommonJS. Define export.","\t\tvar tv4 = require('../tv4');","\t\ttv4.addLanguage('pt-PT', lang);","\t\tmodule.exports = tv4;","\t} else {","\t\t// Browser globals","\t\tglobal.tv4.addLanguage('pt-PT', lang);","\t}","})(this);",""],"l":{"1":1,"2":1,"40":1,"42":0,"43":0,"44":0,"46":1,"48":1,"49":1,"50":1,"53":0}},"/home/travis/build/npmtest/node-npmtest-tv4/node_modules/tv4/lang/sv-SE.js":{"path":"/home/travis/build/npmtest/node-npmtest-tv4/node_modules/tv4/lang/sv-SE.js","s":{"1":1,"2":1,"3":1,"4":0,"5":0,"6":0,"7":1,"8":1,"9":1,"10":1,"11":0},"b":{"1":[0,1],"2":[1,0],"3":[1,0],"4":[1,1]},"f":{"1":1,"2":0},"fnMap":{"1":{"name":"(anonymous_1)","line":1,"loc":{"start":{"line":1,"column":1},"end":{"line":1,"column":19}}},"2":{"name":"(anonymous_2)","line":42,"loc":{"start":{"line":42,"column":21},"end":{"line":42,"column":35}}}},"statementMap":{"1":{"start":{"line":1,"column":0},"end":{"line":55,"column":9}},"2":{"start":{"line":2,"column":1},"end":{"line":38,"column":3}},"3":{"start":{"line":40,"column":1},"end":{"line":54,"column":2}},"4":{"start":{"line":42,"column":2},"end":{"line":45,"column":5}},"5":{"start":{"line":43,"column":3},"end":{"line":43,"column":34}},"6":{"start":{"line":44,"column":3},"end":{"line":44,"column":14}},"7":{"start":{"line":46,"column":8},"end":{"line":54,"column":2}},"8":{"start":{"line":48,"column":2},"end":{"line":48,"column":30}},"9":{"start":{"line":49,"column":2},"end":{"line":49,"column":33}},"10":{"start":{"line":50,"column":2},"end":{"line":50,"column":23}},"11":{"start":{"line":53,"column":2},"end":{"line":53,"column":40}}},"branchMap":{"1":{"line":40,"type":"if","locations":[{"start":{"line":40,"column":1},"end":{"line":40,"column":1}},{"start":{"line":40,"column":1},"end":{"line":40,"column":1}}]},"2":{"line":40,"type":"binary-expr","locations":[{"start":{"line":40,"column":5},"end":{"line":40,"column":33}},{"start":{"line":40,"column":37},"end":{"line":40,"column":47}}]},"3":{"line":46,"type":"if","locations":[{"start":{"line":46,"column":8},"end":{"line":46,"column":8}},{"start":{"line":46,"column":8},"end":{"line":46,"column":8}}]},"4":{"line":46,"type":"binary-expr","locations":[{"start":{"line":46,"column":12},"end":{"line":46,"column":41}},{"start":{"line":46,"column":45},"end":{"line":46,"column":59}}]}},"code":["(function (global) {","\tvar lang = {","  \tINVALID_TYPE: \"Otillåten typ: {type} (skall vara {expected})\",","  \tENUM_MISMATCH: \"Otillåtet värde: {value}\",","  \tANY_OF_MISSING: \"Värdet matchar inget av schemana \\\"anyOf\\\"\",","  \tONE_OF_MISSING: \"Värdet matchar inget av schemana \\\"oneOf\\\"\",","  \tONE_OF_MULTIPLE: \"Värdet matchar flera scheman \\\"oneOf\\\": index {index1} och {index2}\",","  \tNOT_PASSED: \"Värdet matchar schemat från \\\"not\\\"\",","  \t// Numeric errors","  \tNUMBER_MULTIPLE_OF: \"Värdet {value} är inte en multipel av {multipleOf}\",","  \tNUMBER_MINIMUM: \"Värdet {value} får inte vara mindre än {minimum}\",","  \tNUMBER_MINIMUM_EXCLUSIVE: \"Värdet {value} måste vara större än {minimum}\",","  \tNUMBER_MAXIMUM: \"Värdet {value} får inte vara större än {maximum}\",","  \tNUMBER_MAXIMUM_EXCLUSIVE: \"Värdet {value} måste vara mindre än {maximum}\",","  \tNUMBER_NOT_A_NUMBER: \"Värdet {value} är inte ett giltigt tal\",","  \t// String errors","  \tSTRING_LENGTH_SHORT: \"Texten är för kort ({length} tecken), ska vara minst {minimum} tecken\",","  \tSTRING_LENGTH_LONG: \"Texten är för lång ({length} tecken), ska vara högst {maximum}\",","  \tSTRING_PATTERN: \"Texten har fel format: {pattern}\",","  \t// Object errors","  \tOBJECT_PROPERTIES_MINIMUM: \"För få parametrar ({propertyCount}), ska minst vara {minimum}\",","  \tOBJECT_PROPERTIES_MAXIMUM: \"För många parametrar ({propertyCount}), får högst vara {maximum}\",","  \tOBJECT_REQUIRED: \"Egenskap saknas: {key}\",","  \tOBJECT_ADDITIONAL_PROPERTIES: \"Extra parametrar är inte tillåtna\",","  \tOBJECT_DEPENDENCY_KEY: \"Saknar beroende - saknad nyckel: {missing} (beroende nyckel: {key})\",","  \t// Array errors","  \tARRAY_LENGTH_SHORT: \"Listan är för kort ({length}), ska minst vara {minimum}\",","  \tARRAY_LENGTH_LONG: \"Listan är för lång ({length}), ska högst vara {maximum}\",","  \tARRAY_UNIQUE: \"Listvärden är inte unika (index {match1} och {match2})\",","  \tARRAY_ADDITIONAL_ITEMS: \"Extra värden är inte tillåtna\",","  \t// Format errors","  \tFORMAT_CUSTOM: \"Misslyckad validering ({message})\",","  \tKEYWORD_CUSTOM: \"Misslyckat nyckelord: {key} ({message})\",","  \t// Schema structure","  \tCIRCULAR_REFERENCE: \"Cirkulär $refs: {urls}\",","  \t// Non-standard validation options","  \tUNKNOWN_PROPERTY: \"Okänd egenskap (finns ej i schema)\"","\t};","\t","\tif (typeof define === 'function' && define.amd) {","\t\t// AMD. Register as an anonymous module.","\t\tdefine(['../tv4'], function(tv4) {","\t\t\ttv4.addLanguage('sv-SE', lang);","\t\t\treturn tv4;","\t\t});","\t} else if (typeof module !== 'undefined' && module.exports) {","\t\t// CommonJS. Define export.","\t\tvar tv4 = require('../tv4');","\t\ttv4.addLanguage('sv-SE', lang);","\t\tmodule.exports = tv4;","\t} else {","\t\t// Browser globals","\t\tglobal.tv4.addLanguage('sv-SE', lang);","\t}","})(this);",""],"l":{"1":1,"2":1,"40":1,"42":0,"43":0,"44":0,"46":1,"48":1,"49":1,"50":1,"53":0}},"/home/travis/build/npmtest/node-npmtest-tv4/node_modules/tv4/lang/zh-CN.js":{"path":"/home/travis/build/npmtest/node-npmtest-tv4/node_modules/tv4/lang/zh-CN.js","s":{"1":1,"2":1,"3":1,"4":0,"5":0,"6":0,"7":1,"8":1,"9":1,"10":1,"11":0},"b":{"1":[0,1],"2":[1,0],"3":[1,0],"4":[1,1]},"f":{"1":1,"2":0},"fnMap":{"1":{"name":"(anonymous_1)","line":1,"loc":{"start":{"line":1,"column":1},"end":{"line":1,"column":19}}},"2":{"name":"(anonymous_2)","line":42,"loc":{"start":{"line":42,"column":21},"end":{"line":42,"column":35}}}},"statementMap":{"1":{"start":{"line":1,"column":0},"end":{"line":55,"column":9}},"2":{"start":{"line":2,"column":1},"end":{"line":38,"column":3}},"3":{"start":{"line":40,"column":1},"end":{"line":54,"column":2}},"4":{"start":{"line":42,"column":2},"end":{"line":45,"column":5}},"5":{"start":{"line":43,"column":3},"end":{"line":43,"column":34}},"6":{"start":{"line":44,"column":3},"end":{"line":44,"column":14}},"7":{"start":{"line":46,"column":8},"end":{"line":54,"column":2}},"8":{"start":{"line":48,"column":2},"end":{"line":48,"column":30}},"9":{"start":{"line":49,"column":2},"end":{"line":49,"column":33}},"10":{"start":{"line":50,"column":2},"end":{"line":50,"column":23}},"11":{"start":{"line":53,"column":2},"end":{"line":53,"column":40}}},"branchMap":{"1":{"line":40,"type":"if","locations":[{"start":{"line":40,"column":1},"end":{"line":40,"column":1}},{"start":{"line":40,"column":1},"end":{"line":40,"column":1}}]},"2":{"line":40,"type":"binary-expr","locations":[{"start":{"line":40,"column":5},"end":{"line":40,"column":33}},{"start":{"line":40,"column":37},"end":{"line":40,"column":47}}]},"3":{"line":46,"type":"if","locations":[{"start":{"line":46,"column":8},"end":{"line":46,"column":8}},{"start":{"line":46,"column":8},"end":{"line":46,"column":8}}]},"4":{"line":46,"type":"binary-expr","locations":[{"start":{"line":46,"column":12},"end":{"line":46,"column":41}},{"start":{"line":46,"column":45},"end":{"line":46,"column":59}}]}},"code":["(function (global) {","\tvar lang = {","\t\tINVALID_TYPE: \"当前类型 {type} 不符合期望的类型 {expected}\",","\t\tENUM_MISMATCH: \"{value} 不是有效的枚举类型取值\",","\t\tANY_OF_MISSING: \"数据不符合以下任何一个模式 (\\\"anyOf\\\")\",","\t\tONE_OF_MISSING: \"数据不符合以下任何一个模式 (\\\"oneOf\\\")\",","\t\tONE_OF_MULTIPLE: \"数据同时符合多个模式 (\\\"oneOf\\\"): 下标 {index1} 和 {index2}\",","\t\tNOT_PASSED: \"数据不应匹配以下模式 (\\\"not\\\")\",","\t\t// Numeric errors","\t\tNUMBER_MULTIPLE_OF: \"数值 {value} 不是 {multipleOf} 的倍数\",","\t\tNUMBER_MINIMUM: \"数值 {value} 小于最小值 {minimum}\",","\t\tNUMBER_MINIMUM_EXCLUSIVE: \"数值 {value} 等于排除的最小值 {minimum}\",","\t\tNUMBER_MAXIMUM: \"数值 {value} is greater 大于最大值 {maximum}\",","\t\tNUMBER_MAXIMUM_EXCLUSIVE: \"数值 {value} 等于排除的最大值 {maximum}\",","\t\tNUMBER_NOT_A_NUMBER: \"数值 {value} 不是有效的数字\",","\t\t// String errors","\t\tSTRING_LENGTH_SHORT: \"字符串太短 ({length} 个字符), 最少 {minimum} 个\",","\t\tSTRING_LENGTH_LONG: \"字符串太长 ({length} 个字符), 最多 {maximum} 个\",","\t\tSTRING_PATTERN: \"字符串不匹配模式: {pattern}\",","\t\t// Object errors","\t\tOBJECT_PROPERTIES_MINIMUM: \"字段数过少 ({propertyCount}), 最少 {minimum} 个\",","\t\tOBJECT_PROPERTIES_MAXIMUM: \"字段数过多 ({propertyCount}), 最多 {maximum} 个\",","\t\tOBJECT_REQUIRED: \"缺少必要字段: {key}\",","\t\tOBJECT_ADDITIONAL_PROPERTIES: \"不允许多余的字段\",","\t\tOBJECT_DEPENDENCY_KEY: \"依赖失败 - 缺少键 {missing} (来自键: {key})\",","\t\t// Array errors","\t\tARRAY_LENGTH_SHORT: \"数组长度太短 ({length}), 最小长度 {minimum}\",","\t\tARRAY_LENGTH_LONG: \"数组长度太长 ({length}), 最大长度 {maximum}\",","\t\tARRAY_UNIQUE: \"数组元素不唯一 (下标 {match1} 和 {match2})\",","\t\tARRAY_ADDITIONAL_ITEMS: \"不允许多余的元素\",","\t\t// Format errors","\t\tFORMAT_CUSTOM: \"格式校验失败 ({message})\",","\t\tKEYWORD_CUSTOM: \"关键字 {key} 校验失败: ({message})\",","\t\t// Schema structure","\t\tCIRCULAR_REFERENCE: \"循环引用 ($refs): {urls}\",","\t\t// Non-standard validation options","\t\tUNKNOWN_PROPERTY: \"未知字段 (不在 schema 中)\"","\t};","","\tif (typeof define === 'function' && define.amd) {","\t\t// AMD. Register as an anonymous module.","\t\tdefine(['../tv4'], function(tv4) {","\t\t\ttv4.addLanguage('zh-CN', lang);","\t\t\treturn tv4;","\t\t});","\t} else if (typeof module !== 'undefined' && module.exports){","\t\t// CommonJS. Define export.","\t\tvar tv4 = require('../tv4');","\t\ttv4.addLanguage('zh-CN', lang);","\t\tmodule.exports = tv4;","\t} else {","\t\t// Browser globals","\t\tglobal.tv4.addLanguage('zh-CN', lang);","\t}","})(this);",""],"l":{"1":1,"2":1,"40":1,"42":0,"43":0,"44":0,"46":1,"48":1,"49":1,"50":1,"53":0}}}